Log file open, 02/18/22 23:40:42
LogWindows: Failed to load 'aqProf.dll' (GetLastError=126)
LogWindows: File 'aqProf.dll' does not exist
LogWindows: Failed to load 'VtuneApi.dll' (GetLastError=126)
LogWindows: File 'VtuneApi.dll' does not exist
LogWindows: Failed to load 'VtuneApi32e.dll' (GetLastError=126)
LogWindows: File 'VtuneApi32e.dll' does not exist
LogConsoleResponse: Display: Failed to find resolution value strings in scalability ini. Falling back to default.
LogConsoleResponse: Display: Failed to find resolution value strings in scalability ini. Falling back to default.
LogInit: Display: Running engine for game: FévrierGJ
LogPlatformFile: Not using cached read wrapper
LogTaskGraph: Started task graph with 5 named threads and 23 total threads with 3 sets of task threads.
LogStats: Stats thread started at 0.250524
LogICUInternationalization: ICU TimeZone Detection - Raw Offset: +1:00, Platform Override: ''
LogInit: Display: Loading text-based GConfig....
LogPluginManager: Mounting plugin MeshPainting
LogPluginManager: Mounting plugin XGEController
LogPluginManager: Mounting plugin Paper2D
LogPluginManager: Mounting plugin LiveLink
LogPluginManager: Mounting plugin AISupport
LogPluginManager: Mounting plugin EnvironmentQueryEditor
LogPluginManager: Mounting plugin LightPropagationVolume
LogPluginManager: Mounting plugin CameraShakePreviewer
LogPluginManager: Mounting plugin GameplayCameras
LogPluginManager: Mounting plugin AssetManagerEditor
LogPluginManager: Mounting plugin AnimationSharing
LogPluginManager: Mounting plugin CryptoKeys
LogPluginManager: Mounting plugin CurveEditorTools
LogPluginManager: Mounting plugin DataValidation
LogPluginManager: Mounting plugin FacialAnimation
LogPluginManager: Mounting plugin GameplayTagsEditor
LogPluginManager: Mounting plugin GeometryMode
LogPluginManager: Mounting plugin MacGraphicsSwitching
LogPluginManager: Mounting plugin MaterialAnalyzer
LogPluginManager: Mounting plugin MobileLauncherProfileWizard
LogPluginManager: Mounting plugin PluginBrowser
LogPluginManager: Mounting plugin SpeedTreeImporter
LogPluginManager: Mounting plugin OodleData
LogPluginManager: Mounting plugin CLionSourceCodeAccess
LogPluginManager: Mounting plugin CodeLiteSourceCodeAccess
LogPluginManager: Mounting plugin GitSourceControl
LogPluginManager: Mounting plugin KDevelopSourceCodeAccess
LogPluginManager: Mounting plugin NullSourceCodeAccess
LogPluginManager: Mounting plugin PerforceSourceControl
LogPluginManager: Mounting plugin OodleNetwork
LogPluginManager: Mounting plugin PixWinPlugin
LogPluginManager: Mounting plugin PlasticSourceControl
LogPluginManager: Mounting plugin PluginUtils
LogPluginManager: Mounting plugin PropertyAccessNode
LogPluginManager: Mounting plugin RiderSourceCodeAccess
LogPluginManager: Mounting plugin SubversionSourceControl
LogPluginManager: Mounting plugin TextureFormatOodle
LogPluginManager: Mounting plugin UObjectPlugin
LogPluginManager: Mounting plugin VisualStudioCodeSourceCodeAccess
LogPluginManager: Mounting plugin VisualStudioSourceCodeAccess
LogPluginManager: Mounting plugin XCodeSourceCodeAccess
LogPluginManager: Mounting plugin AlembicImporter
LogPluginManager: Mounting plugin AutomationUtils
LogPluginManager: Mounting plugin BackChannel
LogPluginManager: Mounting plugin ChaosCloth
LogPluginManager: Mounting plugin ChaosClothEditor
LogPluginManager: Mounting plugin ChaosNiagara
LogPluginManager: Mounting plugin ChaosSolverPlugin
LogPluginManager: Mounting plugin CharacterAI
LogPluginManager: Mounting plugin Niagara
LogPluginManager: Mounting plugin GeometryCache
LogPluginManager: Mounting plugin GeometryCollectionPlugin
LogPluginManager: Mounting plugin LuminPlatformFeatures
LogPluginManager: Mounting plugin MagicLeap
LogPluginManager: Mounting plugin GeometryProcessing
LogPluginManager: Mounting plugin MagicLeapLightEstimation
LogPluginManager: Mounting plugin MagicLeapMedia
LogPluginManager: Mounting plugin MagicLeapPassableWorld
LogPluginManager: Mounting plugin MotoSynth
LogPluginManager: Mounting plugin OpenImageDenoise
LogPluginManager: Mounting plugin PlanarCut
LogPluginManager: Mounting plugin PlatformCrypto
LogPluginManager: Mounting plugin MLSDK
LogPluginManager: Mounting plugin ProxyLODPlugin
LogPluginManager: Mounting plugin PythonScriptPlugin
LogPluginManager: Mounting plugin SkeletalReduction
LogPluginManager: Mounting plugin AndroidMedia
LogPluginManager: Mounting plugin AvfMedia
LogPluginManager: Mounting plugin ImgMedia
LogPluginManager: Mounting plugin MediaCompositing
LogPluginManager: Mounting plugin MediaPlayerEditor
LogPluginManager: Mounting plugin WmfMedia
LogPluginManager: Mounting plugin WebMMedia
LogPluginManager: Mounting plugin ActorSequence
LogPluginManager: Mounting plugin LevelSequenceEditor
LogPluginManager: Mounting plugin MatineeToLevelSequence
LogPluginManager: Mounting plugin TemplateSequence
LogPluginManager: Mounting plugin TcpMessaging
LogPluginManager: Mounting plugin UdpMessaging
LogPluginManager: Mounting plugin OnlineSubsystem
LogPluginManager: Mounting plugin OnlineSubsystemNull
LogPluginManager: Mounting plugin OnlineSubsystemUtils
LogPluginManager: Mounting plugin LauncherChunkInstaller
LogPluginManager: Mounting plugin ActorLayerUtilities
LogPluginManager: Mounting plugin AndroidDeviceProfileSelector
LogPluginManager: Mounting plugin AndroidMoviePlayer
LogPluginManager: Mounting plugin AppleImageUtils
LogPluginManager: Mounting plugin AppleMoviePlayer
LogPluginManager: Mounting plugin AndroidPermission
LogPluginManager: Mounting plugin ArchVisCharacter
LogPluginManager: Mounting plugin AssetTags
LogPluginManager: Mounting plugin AudioCapture
LogPluginManager: Mounting plugin AudioSynesthesia
LogPluginManager: Mounting plugin CableComponent
LogPluginManager: Mounting plugin ChunkDownloader
LogPluginManager: Mounting plugin CustomMeshComponent
LogPluginManager: Mounting plugin EditableMesh
LogPluginManager: Mounting plugin ExampleDeviceProfileSelector
LogPluginManager: Mounting plugin GoogleCloudMessaging
LogPluginManager: Mounting plugin GooglePAD
LogPluginManager: Mounting plugin IOSDeviceProfileSelector
LogPluginManager: Mounting plugin LinuxDeviceProfileSelector
LogPluginManager: Mounting plugin LocationServicesBPLibrary
LogPluginManager: Mounting plugin MobilePatchingUtils
LogPluginManager: Mounting plugin OpenXR
LogPluginManager: Mounting plugin OpenXREyeTracker
LogPluginManager: Mounting plugin OpenXRHandTracking
LogPluginManager: Mounting plugin ScreenshotTools
LogPluginManager: Mounting plugin PhysXVehicles
LogPluginManager: Mounting plugin PostSplashScreen
LogPluginManager: Mounting plugin ProceduralMeshComponent
LogPluginManager: Mounting plugin PropertyAccessEditor
LogPluginManager: Mounting plugin RuntimePhysXCooking
LogPluginManager: Mounting plugin SignificanceManager
LogPluginManager: Mounting plugin SoundFields
LogPluginManager: Mounting plugin Synthesis
LogPluginManager: Mounting plugin WebMMoviePlayer
LogPluginManager: Mounting plugin WindowsMoviePlayer
LogPluginManager: Mounting plugin DatasmithContent
LogPluginManager: Mounting plugin VariantManagerContent
LogPluginManager: Mounting plugin ChaosEditor
LogPluginManager: Mounting plugin Takes
LogPluginManager: Mounting plugin ContentBrowserAssetDataSource
LogPluginManager: Mounting plugin ContentBrowserClassDataSource
LogPluginManager: Mounting plugin ContentBrowserFileDataSource
LogPluginManager: Mounting plugin OnlineSubsystemGooglePlay
LogPluginManager: Mounting plugin OnlineSubsystemIOS
LogPluginManager: Mounting plugin OculusVR
LogPluginManager: Mounting plugin SteamVR
PixWinPlugin: PIX capture plugin failed to initialize! Check that the process is launched from PIX.
LogInit: Using libcurl 7.55.1-DEV
LogInit:  - built for x86_64-pc-win32
LogInit:  - supports SSL with OpenSSL/1.1.1
LogInit:  - supports HTTP deflate (compression) using libz 1.2.8
LogInit:  - other features:
LogInit:      CURL_VERSION_SSL
LogInit:      CURL_VERSION_LIBZ
LogInit:      CURL_VERSION_IPV6
LogInit:      CURL_VERSION_ASYNCHDNS
LogInit:      CURL_VERSION_LARGEFILE
LogInit:      CURL_VERSION_IDN
LogInit:  CurlRequestOptions (configurable via config and command line):
LogInit:  - bVerifyPeer = true  - Libcurl will verify peer certificate
LogInit:  - bUseHttpProxy = false  - Libcurl will NOT use HTTP proxy
LogInit:  - bDontReuseConnections = false  - Libcurl will reuse connections
LogInit:  - MaxHostConnections = 16  - Libcurl will limit the number of connections to a host
LogInit:  - LocalHostAddr = Default
LogInit:  - BufferSize = 65536
LogOnline: OSS: Creating online subsystem instance for: NULL
LogInit: WinSock: version 1.1 (2.2), MaxSocks=32767, MaxUdp=65467
LogOnline: OSS: TryLoadSubsystemAndSetDefault: Loaded subsystem for module [NULL]
LogOculusPluginWrapper: OculusPlugin initialized successfully
LogHMD: Failed initializing OVRPlugin 1.59.0
LogInit: Build: ++UE4+Release-4.27-CL-18319896
LogInit: Engine Version: 4.27.2-18319896+++UE4+Release-4.27
LogInit: Compatible Engine Version: 4.27.0-17155196+++UE4+Release-4.27
LogInit: Net CL: 17155196
LogInit: OS: Windows 10 (Release 2009) (), CPU: 11th Gen Intel(R) Core(TM) i7-11375H @ 3.30GHz, GPU: Intel(R) Iris(R) Xe Graphics
LogInit: Compiled (64-bit): Nov 30 2021 07:12:08
LogInit: Compiled with Visual C++: 19.24.28315.00
LogInit: Build Configuration: Development
LogInit: Branch Name: ++UE4+Release-4.27
LogInit: Command Line: 
LogInit: Base Directory: C:/Program Files/Epic Games/UE_4.27/Engine/Binaries/Win64/
LogInit: Allocator: TBB
LogInit: Installed Engine Build: 1
LogDevObjectVersion: Number of dev versions registered: 29
LogDevObjectVersion:   Dev-Blueprints (B0D832E4-1F89-4F0D-ACCF-7EB736FD4AA2): 10
LogDevObjectVersion:   Dev-Build (E1C64328-A22C-4D53-A36C-8E866417BD8C): 0
LogDevObjectVersion:   Dev-Core (375EC13C-06E4-48FB-B500-84F0262A717E): 4
LogDevObjectVersion:   Dev-Editor (E4B068ED-F494-42E9-A231-DA0B2E46BB41): 40
LogDevObjectVersion:   Dev-Framework (CFFC743F-43B0-4480-9391-14DF171D2073): 37
LogDevObjectVersion:   Dev-Mobile (B02B49B5-BB20-44E9-A304-32B752E40360): 3
LogDevObjectVersion:   Dev-Networking (A4E4105C-59A1-49B5-A7C5-40C4547EDFEE): 0
LogDevObjectVersion:   Dev-Online (39C831C9-5AE6-47DC-9A44-9C173E1C8E7C): 0
LogDevObjectVersion:   Dev-Physics (78F01B33-EBEA-4F98-B9B4-84EACCB95AA2): 14
LogDevObjectVersion:   Dev-Platform (6631380F-2D4D-43E0-8009-CF276956A95A): 0
LogDevObjectVersion:   Dev-Rendering (12F88B9F-8875-4AFC-A67C-D90C383ABD29): 45
LogDevObjectVersion:   Dev-Sequencer (7B5AE74C-D270-4C10-A958-57980B212A5A): 13
LogDevObjectVersion:   Dev-VR (D7296918-1DD6-4BDD-9DE2-64A83CC13884): 3
LogDevObjectVersion:   Dev-LoadTimes (C2A15278-BFE7-4AFE-6C17-90FF531DF755): 1
LogDevObjectVersion:   Private-Geometry (6EACA3D4-40EC-4CC1-B786-8BED09428FC5): 3
LogDevObjectVersion:   Dev-AnimPhys (29E575DD-E0A3-4627-9D10-D276232CDCEA): 17
LogDevObjectVersion:   Dev-Anim (AF43A65D-7FD3-4947-9873-3E8ED9C1BB05): 15
LogDevObjectVersion:   Dev-ReflectionCapture (6B266CEC-1EC7-4B8F-A30B-E4D90942FC07): 1
LogDevObjectVersion:   Dev-Automation (0DF73D61-A23F-47EA-B727-89E90C41499A): 1
LogDevObjectVersion:   FortniteMain (601D1886-AC64-4F84-AA16-D3DE0DEAC7D6): 47
LogDevObjectVersion:   FortniteRelease (E7086368-6B23-4C58-8439-1B7016265E91): 1
LogDevObjectVersion:   Dev-Enterprise (9DFFBCD6-494F-0158-E221-12823C92A888): 10
LogDevObjectVersion:   Dev-Niagara (F2AED0AC-9AFE-416F-8664-AA7FFA26D6FC): 1
LogDevObjectVersion:   Dev-Destruction (174F1F0B-B4C6-45A5-B13F-2EE8D0FB917D): 10
LogDevObjectVersion:   Dev-Physics-Ext (35F94A83-E258-406C-A318-09F59610247C): 41
LogDevObjectVersion:   Dev-PhysicsMaterial-Chaos (B68FC16E-8B1B-42E2-B453-215C058844FE): 1
LogDevObjectVersion:   Dev-CineCamera (B2E18506-4273-CFC2-A54E-F4BB758BBA07): 1
LogDevObjectVersion:   Dev-VirtualProduction (64F58936-FD1B-42BA-BA96-7289D5D0FA4E): 1
LogDevObjectVersion:   Dev-MediaFramework (6F0ED827-A609-4895-9C91-998D90180EA4): 2
LogInit: Presizing for max 25165824 objects, including 0 objects not considered by GC, pre-allocating 0 bytes for permanent pool.
LogConfig: Applying CVar settings from Section [/Script/Engine.StreamingSettings] File [C:/Users/pansu/OneDrive/Documents/Unreal Projects/Git/GameJamFevrier/FévrierGJ/Saved/Config/Windows/Engine.ini]
LogConfig: Setting CVar [[s.MinBulkDataSizeForAsyncLoading:131072]]
LogConfig: Setting CVar [[s.AsyncLoadingThreadEnabled:0]]
LogConfig: Setting CVar [[s.EventDrivenLoaderEnabled:1]]
LogConfig: Setting CVar [[s.WarnIfTimeLimitExceeded:0]]
LogConfig: Setting CVar [[s.TimeLimitExceededMultiplier:1.5]]
LogConfig: Setting CVar [[s.TimeLimitExceededMinTime:0.005]]
LogConfig: Setting CVar [[s.UseBackgroundLevelStreaming:1]]
LogConfig: Setting CVar [[s.PriorityAsyncLoadingExtraTime:15.0]]
LogConfig: Setting CVar [[s.LevelStreamingActorsUpdateTimeLimit:5.0]]
LogConfig: Setting CVar [[s.PriorityLevelStreamingActorsUpdateExtraTime:5.0]]
LogConfig: Setting CVar [[s.LevelStreamingComponentsRegistrationGranularity:10]]
LogConfig: Setting CVar [[s.UnregisterComponentsTimeLimit:1.0]]
LogConfig: Setting CVar [[s.LevelStreamingComponentsUnregistrationGranularity:5]]
LogConfig: Setting CVar [[s.FlushStreamingOnExit:1]]
LogInit: Object subsystem initialized
LogConfig: Setting CVar [[con.DebugEarlyDefault:1]]
LogConfig: Setting CVar [[r.setres:1280x720]]
[2022.02.18-22.40.42:664][  0]LogConfig: Setting CVar [[r.VSync:0]]
[2022.02.18-22.40.42:664][  0]LogConfig: Setting CVar [[r.RHICmdBypass:0]]
[2022.02.18-22.40.42:664][  0]LogConfig: Applying CVar settings from Section [/Script/Engine.RendererSettings] File [C:/Users/pansu/OneDrive/Documents/Unreal Projects/Git/GameJamFevrier/FévrierGJ/Saved/Config/Windows/Engine.ini]
[2022.02.18-22.40.42:665][  0]LogConfig: Setting CVar [[r.GPUCrashDebugging:0]]
[2022.02.18-22.40.42:665][  0]LogConfig: Applying CVar settings from Section [/Script/Engine.RendererOverrideSettings] File [C:/Users/pansu/OneDrive/Documents/Unreal Projects/Git/GameJamFevrier/FévrierGJ/Saved/Config/Windows/Engine.ini]
[2022.02.18-22.40.42:665][  0]LogConfig: Applying CVar settings from Section [/Script/Engine.StreamingSettings] File [C:/Users/pansu/OneDrive/Documents/Unreal Projects/Git/GameJamFevrier/FévrierGJ/Saved/Config/Windows/Engine.ini]
[2022.02.18-22.40.42:665][  0]LogConfig: Setting CVar [[s.MinBulkDataSizeForAsyncLoading:131072]]
[2022.02.18-22.40.42:665][  0]LogConfig: Setting CVar [[s.AsyncLoadingThreadEnabled:0]]
[2022.02.18-22.40.42:665][  0]LogConfig: Setting CVar [[s.EventDrivenLoaderEnabled:1]]
[2022.02.18-22.40.42:665][  0]LogConfig: Setting CVar [[s.WarnIfTimeLimitExceeded:0]]
[2022.02.18-22.40.42:665][  0]LogConfig: Setting CVar [[s.TimeLimitExceededMultiplier:1.5]]
[2022.02.18-22.40.42:665][  0]LogConfig: Setting CVar [[s.TimeLimitExceededMinTime:0.005]]
[2022.02.18-22.40.42:665][  0]LogConfig: Setting CVar [[s.UseBackgroundLevelStreaming:1]]
[2022.02.18-22.40.42:665][  0]LogConfig: Setting CVar [[s.PriorityAsyncLoadingExtraTime:15.0]]
[2022.02.18-22.40.42:665][  0]LogConfig: Setting CVar [[s.LevelStreamingActorsUpdateTimeLimit:5.0]]
[2022.02.18-22.40.42:665][  0]LogConfig: Setting CVar [[s.PriorityLevelStreamingActorsUpdateExtraTime:5.0]]
[2022.02.18-22.40.42:665][  0]LogConfig: Setting CVar [[s.LevelStreamingComponentsRegistrationGranularity:10]]
[2022.02.18-22.40.42:665][  0]LogConfig: Setting CVar [[s.UnregisterComponentsTimeLimit:1.0]]
[2022.02.18-22.40.42:665][  0]LogConfig: Setting CVar [[s.LevelStreamingComponentsUnregistrationGranularity:5]]
[2022.02.18-22.40.42:665][  0]LogConfig: Setting CVar [[s.FlushStreamingOnExit:1]]
[2022.02.18-22.40.42:665][  0]LogConfig: Applying CVar settings from Section [/Script/Engine.GarbageCollectionSettings] File [C:/Users/pansu/OneDrive/Documents/Unreal Projects/Git/GameJamFevrier/FévrierGJ/Saved/Config/Windows/Engine.ini]
[2022.02.18-22.40.42:665][  0]LogConfig: Setting CVar [[gc.MaxObjectsNotConsideredByGC:1]]
[2022.02.18-22.40.42:665][  0]LogConfig: Setting CVar [[gc.SizeOfPermanentObjectPool:0]]
[2022.02.18-22.40.42:665][  0]LogConfig: Setting CVar [[gc.FlushStreamingOnGC:0]]
[2022.02.18-22.40.42:665][  0]LogConfig: Setting CVar [[gc.NumRetriesBeforeForcingGC:10]]
[2022.02.18-22.40.42:665][  0]LogConfig: Setting CVar [[gc.AllowParallelGC:1]]
[2022.02.18-22.40.42:665][  0]LogConfig: Setting CVar [[gc.TimeBetweenPurgingPendingKillObjects:61.1]]
[2022.02.18-22.40.42:665][  0]LogConfig: Setting CVar [[gc.MaxObjectsInEditor:25165824]]
[2022.02.18-22.40.42:665][  0]LogConfig: Setting CVar [[gc.IncrementalBeginDestroyEnabled:1]]
[2022.02.18-22.40.42:665][  0]LogConfig: Setting CVar [[gc.CreateGCClusters:1]]
[2022.02.18-22.40.42:665][  0]LogConfig: Setting CVar [[gc.MinGCClusterSize:5]]
[2022.02.18-22.40.42:665][  0]LogConfig: Setting CVar [[gc.ActorClusteringEnabled:0]]
[2022.02.18-22.40.42:665][  0]LogConfig: Setting CVar [[gc.BlueprintClusteringEnabled:0]]
[2022.02.18-22.40.42:665][  0]LogConfig: Setting CVar [[gc.UseDisregardForGCOnDedicatedServers:0]]
[2022.02.18-22.40.42:665][  0]LogConfig: Setting CVar [[gc.MultithreadedDestructionEnabled:1]]
[2022.02.18-22.40.42:665][  0]LogConfig: Applying CVar settings from Section [/Script/Engine.NetworkSettings] File [C:/Users/pansu/OneDrive/Documents/Unreal Projects/Git/GameJamFevrier/FévrierGJ/Saved/Config/Windows/Engine.ini]
[2022.02.18-22.40.42:665][  0]LogConfig: Applying CVar settings from Section [/Script/UnrealEd.CookerSettings] File [C:/Users/pansu/OneDrive/Documents/Unreal Projects/Git/GameJamFevrier/FévrierGJ/Saved/Config/Windows/Engine.ini]
[2022.02.18-22.40.42:672][  0]LogConfig: Applying CVar settings from Section [ViewDistanceQuality@3] File [C:/Users/pansu/OneDrive/Documents/Unreal Projects/Git/GameJamFevrier/FévrierGJ/Saved/Config/Windows/Scalability.ini]
[2022.02.18-22.40.42:672][  0]LogConfig: Setting CVar [[r.SkeletalMeshLODBias:0]]
[2022.02.18-22.40.42:672][  0]LogConfig: Setting CVar [[r.ViewDistanceScale:1.0]]
[2022.02.18-22.40.42:672][  0]LogConfig: Applying CVar settings from Section [AntiAliasingQuality@3] File [C:/Users/pansu/OneDrive/Documents/Unreal Projects/Git/GameJamFevrier/FévrierGJ/Saved/Config/Windows/Scalability.ini]
[2022.02.18-22.40.42:672][  0]LogConfig: Setting CVar [[r.PostProcessAAQuality:4]]
[2022.02.18-22.40.42:672][  0]LogConfig: Applying CVar settings from Section [ShadowQuality@3] File [C:/Users/pansu/OneDrive/Documents/Unreal Projects/Git/GameJamFevrier/FévrierGJ/Saved/Config/Windows/Scalability.ini]
[2022.02.18-22.40.42:672][  0]LogConfig: Setting CVar [[r.LightFunctionQuality:1]]
[2022.02.18-22.40.42:672][  0]LogConfig: Setting CVar [[r.ShadowQuality:5]]
[2022.02.18-22.40.42:672][  0]LogConfig: Setting CVar [[r.Shadow.CSM.MaxCascades:10]]
[2022.02.18-22.40.42:672][  0]LogConfig: Setting CVar [[r.Shadow.MaxResolution:2048]]
[2022.02.18-22.40.42:672][  0]LogConfig: Setting CVar [[r.Shadow.MaxCSMResolution:2048]]
[2022.02.18-22.40.42:672][  0]LogConfig: Setting CVar [[r.Shadow.RadiusThreshold:0.01]]
[2022.02.18-22.40.42:672][  0]LogConfig: Setting CVar [[r.Shadow.DistanceScale:1.0]]
[2022.02.18-22.40.42:672][  0]LogConfig: Setting CVar [[r.Shadow.CSM.TransitionScale:1.0]]
[2022.02.18-22.40.42:672][  0]LogConfig: Setting CVar [[r.Shadow.PreShadowResolutionFactor:1.0]]
[2022.02.18-22.40.42:672][  0]LogConfig: Setting CVar [[r.DistanceFieldShadowing:1]]
[2022.02.18-22.40.42:672][  0]LogConfig: Setting CVar [[r.DistanceFieldAO:1]]
[2022.02.18-22.40.42:672][  0]LogConfig: Setting CVar [[r.AOQuality:2]]
[2022.02.18-22.40.42:672][  0]LogConfig: Setting CVar [[r.VolumetricFog:1]]
[2022.02.18-22.40.42:673][  0]LogConfig: Setting CVar [[r.VolumetricFog.GridPixelSize:8]]
[2022.02.18-22.40.42:673][  0]LogConfig: Setting CVar [[r.VolumetricFog.GridSizeZ:128]]
[2022.02.18-22.40.42:673][  0]LogConfig: Setting CVar [[r.VolumetricFog.HistoryMissSupersampleCount:4]]
[2022.02.18-22.40.42:673][  0]LogConfig: Setting CVar [[r.LightMaxDrawDistanceScale:1]]
[2022.02.18-22.40.42:673][  0]LogConfig: Setting CVar [[r.CapsuleShadows:1]]
[2022.02.18-22.40.42:673][  0]LogConfig: Applying CVar settings from Section [PostProcessQuality@3] File [C:/Users/pansu/OneDrive/Documents/Unreal Projects/Git/GameJamFevrier/FévrierGJ/Saved/Config/Windows/Scalability.ini]
[2022.02.18-22.40.42:673][  0]LogConfig: Setting CVar [[r.MotionBlurQuality:4]]
[2022.02.18-22.40.42:673][  0]LogConfig: Setting CVar [[r.AmbientOcclusionMipLevelFactor:0.4]]
[2022.02.18-22.40.42:673][  0]LogConfig: Setting CVar [[r.AmbientOcclusionMaxQuality:100]]
[2022.02.18-22.40.42:673][  0]LogConfig: Setting CVar [[r.AmbientOcclusionLevels:-1]]
[2022.02.18-22.40.42:673][  0]LogConfig: Setting CVar [[r.AmbientOcclusionRadiusScale:1.0]]
[2022.02.18-22.40.42:673][  0]LogConfig: Setting CVar [[r.DepthOfFieldQuality:2]]
[2022.02.18-22.40.42:673][  0]LogConfig: Setting CVar [[r.RenderTargetPoolMin:400]]
[2022.02.18-22.40.42:673][  0]LogConfig: Setting CVar [[r.LensFlareQuality:2]]
[2022.02.18-22.40.42:673][  0]LogConfig: Setting CVar [[r.SceneColorFringeQuality:1]]
[2022.02.18-22.40.42:673][  0]LogConfig: Setting CVar [[r.EyeAdaptationQuality:2]]
[2022.02.18-22.40.42:673][  0]LogConfig: Setting CVar [[r.BloomQuality:5]]
[2022.02.18-22.40.42:673][  0]LogConfig: Setting CVar [[r.FastBlurThreshold:100]]
[2022.02.18-22.40.42:673][  0]LogConfig: Setting CVar [[r.Upscale.Quality:3]]
[2022.02.18-22.40.42:673][  0]LogConfig: Setting CVar [[r.Tonemapper.GrainQuantization:1]]
[2022.02.18-22.40.42:673][  0]LogConfig: Setting CVar [[r.LightShaftQuality:1]]
[2022.02.18-22.40.42:673][  0]LogConfig: Setting CVar [[r.Filter.SizeScale:1]]
[2022.02.18-22.40.42:673][  0]LogConfig: Setting CVar [[r.Tonemapper.Quality:5]]
[2022.02.18-22.40.42:673][  0]LogConfig: Setting CVar [[r.DOF.Gather.AccumulatorQuality:1        ; higher gathering accumulator quality]]
[2022.02.18-22.40.42:673][  0]LogConfig: Setting CVar [[r.DOF.Gather.PostfilterMethod:1          ; Median3x3 postfilering method]]
[2022.02.18-22.40.42:673][  0]LogConfig: Setting CVar [[r.DOF.Gather.EnableBokehSettings:0       ; no bokeh simulation when gathering]]
[2022.02.18-22.40.42:673][  0]LogConfig: Setting CVar [[r.DOF.Gather.RingCount:4                 ; medium number of samples when gathering]]
[2022.02.18-22.40.42:673][  0]LogConfig: Setting CVar [[r.DOF.Scatter.ForegroundCompositing:1    ; additive foreground scattering]]
[2022.02.18-22.40.42:673][  0]LogConfig: Setting CVar [[r.DOF.Scatter.BackgroundCompositing:2    ; additive background scattering]]
[2022.02.18-22.40.42:673][  0]LogConfig: Setting CVar [[r.DOF.Scatter.EnableBokehSettings:1      ; bokeh simulation when scattering]]
[2022.02.18-22.40.42:673][  0]LogConfig: Setting CVar [[r.DOF.Scatter.MaxSpriteRatio:0.1         ; only a maximum of 10% of scattered bokeh]]
[2022.02.18-22.40.42:673][  0]LogConfig: Setting CVar [[r.DOF.Recombine.Quality:1                ; cheap slight out of focus]]
[2022.02.18-22.40.42:673][  0]LogConfig: Setting CVar [[r.DOF.Recombine.EnableBokehSettings:0    ; no bokeh simulation on slight out of focus]]
[2022.02.18-22.40.42:673][  0]LogConfig: Setting CVar [[r.DOF.TemporalAAQuality:1                ; more stable temporal accumulation]]
[2022.02.18-22.40.42:673][  0]LogConfig: Setting CVar [[r.DOF.Kernel.MaxForegroundRadius:0.025]]
[2022.02.18-22.40.42:673][  0]LogConfig: Setting CVar [[r.DOF.Kernel.MaxBackgroundRadius:0.025]]
[2022.02.18-22.40.42:673][  0]LogConfig: Applying CVar settings from Section [TextureQuality@3] File [C:/Users/pansu/OneDrive/Documents/Unreal Projects/Git/GameJamFevrier/FévrierGJ/Saved/Config/Windows/Scalability.ini]
[2022.02.18-22.40.42:673][  0]LogConfig: Setting CVar [[r.Streaming.MipBias:0]]
[2022.02.18-22.40.42:673][  0]LogConfig: Setting CVar [[r.Streaming.AmortizeCPUToGPUCopy:0]]
[2022.02.18-22.40.42:673][  0]LogConfig: Setting CVar [[r.Streaming.MaxNumTexturesToStreamPerFrame:0]]
[2022.02.18-22.40.42:673][  0]LogConfig: Setting CVar [[r.Streaming.Boost:1]]
[2022.02.18-22.40.42:673][  0]LogConfig: Setting CVar [[r.MaxAnisotropy:8]]
[2022.02.18-22.40.42:673][  0]LogConfig: Setting CVar [[r.VT.MaxAnisotropy:8]]
[2022.02.18-22.40.42:673][  0]LogConfig: Setting CVar [[r.Streaming.LimitPoolSizeToVRAM:0]]
[2022.02.18-22.40.42:673][  0]LogConfig: Setting CVar [[r.Streaming.PoolSize:1000]]
[2022.02.18-22.40.42:673][  0]LogConfig: Setting CVar [[r.Streaming.MaxEffectiveScreenSize:0]]
[2022.02.18-22.40.42:673][  0]LogConfig: Applying CVar settings from Section [EffectsQuality@3] File [C:/Users/pansu/OneDrive/Documents/Unreal Projects/Git/GameJamFevrier/FévrierGJ/Saved/Config/Windows/Scalability.ini]
[2022.02.18-22.40.42:673][  0]LogConfig: Setting CVar [[r.TranslucencyLightingVolumeDim:64]]
[2022.02.18-22.40.42:673][  0]LogConfig: Setting CVar [[r.RefractionQuality:2]]
[2022.02.18-22.40.42:673][  0]LogConfig: Setting CVar [[r.SSR.Quality:3]]
[2022.02.18-22.40.42:673][  0]LogConfig: Setting CVar [[r.SSR.HalfResSceneColor:0]]
[2022.02.18-22.40.42:673][  0]LogConfig: Setting CVar [[r.SceneColorFormat:4]]
[2022.02.18-22.40.42:673][  0]LogConfig: Setting CVar [[r.DetailMode:2]]
[2022.02.18-22.40.42:673][  0]LogConfig: Setting CVar [[r.TranslucencyVolumeBlur:1]]
[2022.02.18-22.40.42:673][  0]LogConfig: Setting CVar [[r.MaterialQualityLevel:1 ; High quality]]
[2022.02.18-22.40.42:673][  0]LogConfig: Setting CVar [[r.AnisotropicMaterials:1]]
[2022.02.18-22.40.42:673][  0]LogConfig: Setting CVar [[r.SSS.Scale:1]]
[2022.02.18-22.40.42:673][  0]LogConfig: Setting CVar [[r.SSS.SampleSet:2]]
[2022.02.18-22.40.42:673][  0]LogConfig: Setting CVar [[r.SSS.Quality:1]]
[2022.02.18-22.40.42:673][  0]LogConfig: Setting CVar [[r.SSS.HalfRes:0]]
[2022.02.18-22.40.42:673][  0]LogConfig: Setting CVar [[r.SSGI.Quality:3]]
[2022.02.18-22.40.42:673][  0]LogConfig: Setting CVar [[r.EmitterSpawnRateScale:1.0]]
[2022.02.18-22.40.42:673][  0]LogConfig: Setting CVar [[r.ParticleLightQuality:2]]
[2022.02.18-22.40.42:673][  0]LogConfig: Setting CVar [[r.SkyAtmosphere.AerialPerspectiveLUT.FastApplyOnOpaque:1 ; Always have FastSkyLUT 1 in this case to avoid wrong sky]]
[2022.02.18-22.40.42:673][  0]LogConfig: Setting CVar [[r.SkyAtmosphere.AerialPerspectiveLUT.SampleCountMaxPerSlice:4]]
[2022.02.18-22.40.42:673][  0]LogConfig: Setting CVar [[r.SkyAtmosphere.AerialPerspectiveLUT.DepthResolution:16.0]]
[2022.02.18-22.40.42:673][  0]LogConfig: Setting CVar [[r.SkyAtmosphere.FastSkyLUT:1]]
[2022.02.18-22.40.42:673][  0]LogConfig: Setting CVar [[r.SkyAtmosphere.FastSkyLUT.SampleCountMin:4.0]]
[2022.02.18-22.40.42:673][  0]LogConfig: Setting CVar [[r.SkyAtmosphere.FastSkyLUT.SampleCountMax:128.0]]
[2022.02.18-22.40.42:673][  0]LogConfig: Setting CVar [[r.SkyAtmosphere.SampleCountMin:4.0]]
[2022.02.18-22.40.42:673][  0]LogConfig: Setting CVar [[r.SkyAtmosphere.SampleCountMax:128.0]]
[2022.02.18-22.40.42:673][  0]LogConfig: Setting CVar [[r.SkyAtmosphere.TransmittanceLUT.UseSmallFormat:0]]
[2022.02.18-22.40.42:673][  0]LogConfig: Setting CVar [[r.SkyAtmosphere.TransmittanceLUT.SampleCount:10.0]]
[2022.02.18-22.40.42:673][  0]LogConfig: Setting CVar [[r.SkyAtmosphere.MultiScatteringLUT.SampleCount:15.0]]
[2022.02.18-22.40.42:673][  0]LogConfig: Setting CVar [[r.SkyLight.RealTimeReflectionCapture:1]]
[2022.02.18-22.40.42:673][  0]LogConfig: Applying CVar settings from Section [FoliageQuality@3] File [C:/Users/pansu/OneDrive/Documents/Unreal Projects/Git/GameJamFevrier/FévrierGJ/Saved/Config/Windows/Scalability.ini]
[2022.02.18-22.40.42:673][  0]LogConfig: Setting CVar [[foliage.DensityScale:1.0]]
[2022.02.18-22.40.42:673][  0]LogConfig: Setting CVar [[grass.DensityScale:1.0]]
[2022.02.18-22.40.42:673][  0]LogConfig: Applying CVar settings from Section [ShadingQuality@3] File [C:/Users/pansu/OneDrive/Documents/Unreal Projects/Git/GameJamFevrier/FévrierGJ/Saved/Config/Windows/Scalability.ini]
[2022.02.18-22.40.42:673][  0]LogConfig: Setting CVar [[r.HairStrands.SkyLighting.IntegrationType:2]]
[2022.02.18-22.40.42:673][  0]LogConfig: Setting CVar [[r.HairStrands.SkyAO.SampleCount:4]]
[2022.02.18-22.40.42:673][  0]LogConfig: Setting CVar [[r.HairStrands.Visibility.MSAA.SamplePerPixel:4]]
[2022.02.18-22.40.42:673][  0]LogInit: Selected Device Profile: [Windows]
[2022.02.18-22.40.42:673][  0]LogInit: Applying CVar settings loaded from the selected device profile: [Windows]
[2022.02.18-22.40.42:673][  0]LogHAL: Display: Platform has ~ 16 GB [16867192832 / 17179869184 / 16], which maps to Larger [LargestMinGB=32, LargerMinGB=12, DefaultMinGB=8, SmallerMinGB=6, SmallestMinGB=0)
[2022.02.18-22.40.42:673][  0]LogInit: Going up to parent DeviceProfile []
[2022.02.18-22.40.42:673][  0]LogConfig: Applying CVar settings from Section [ViewDistanceQuality@3] File [C:/Users/pansu/OneDrive/Documents/Unreal Projects/Git/GameJamFevrier/FévrierGJ/Saved/Config/Windows/Scalability.ini]
[2022.02.18-22.40.42:673][  0]LogConfig: Setting CVar [[r.SkeletalMeshLODBias:0]]
[2022.02.18-22.40.42:673][  0]LogConfig: Setting CVar [[r.ViewDistanceScale:1.0]]
[2022.02.18-22.40.42:673][  0]LogConfig: Applying CVar settings from Section [AntiAliasingQuality@3] File [C:/Users/pansu/OneDrive/Documents/Unreal Projects/Git/GameJamFevrier/FévrierGJ/Saved/Config/Windows/Scalability.ini]
[2022.02.18-22.40.42:673][  0]LogConfig: Setting CVar [[r.PostProcessAAQuality:4]]
[2022.02.18-22.40.42:673][  0]LogConfig: Applying CVar settings from Section [ShadowQuality@3] File [C:/Users/pansu/OneDrive/Documents/Unreal Projects/Git/GameJamFevrier/FévrierGJ/Saved/Config/Windows/Scalability.ini]
[2022.02.18-22.40.42:673][  0]LogConfig: Setting CVar [[r.LightFunctionQuality:1]]
[2022.02.18-22.40.42:673][  0]LogConfig: Setting CVar [[r.ShadowQuality:5]]
[2022.02.18-22.40.42:673][  0]LogConfig: Setting CVar [[r.Shadow.CSM.MaxCascades:10]]
[2022.02.18-22.40.42:673][  0]LogConfig: Setting CVar [[r.Shadow.MaxResolution:2048]]
[2022.02.18-22.40.42:673][  0]LogConfig: Setting CVar [[r.Shadow.MaxCSMResolution:2048]]
[2022.02.18-22.40.42:673][  0]LogConfig: Setting CVar [[r.Shadow.RadiusThreshold:0.01]]
[2022.02.18-22.40.42:673][  0]LogConfig: Setting CVar [[r.Shadow.DistanceScale:1.0]]
[2022.02.18-22.40.42:673][  0]LogConfig: Setting CVar [[r.Shadow.CSM.TransitionScale:1.0]]
[2022.02.18-22.40.42:673][  0]LogConfig: Setting CVar [[r.Shadow.PreShadowResolutionFactor:1.0]]
[2022.02.18-22.40.42:673][  0]LogConfig: Setting CVar [[r.DistanceFieldShadowing:1]]
[2022.02.18-22.40.42:673][  0]LogConfig: Setting CVar [[r.DistanceFieldAO:1]]
[2022.02.18-22.40.42:673][  0]LogConfig: Setting CVar [[r.AOQuality:2]]
[2022.02.18-22.40.42:673][  0]LogConfig: Setting CVar [[r.VolumetricFog:1]]
[2022.02.18-22.40.42:673][  0]LogConfig: Setting CVar [[r.VolumetricFog.GridPixelSize:8]]
[2022.02.18-22.40.42:673][  0]LogConfig: Setting CVar [[r.VolumetricFog.GridSizeZ:128]]
[2022.02.18-22.40.42:673][  0]LogConfig: Setting CVar [[r.VolumetricFog.HistoryMissSupersampleCount:4]]
[2022.02.18-22.40.42:673][  0]LogConfig: Setting CVar [[r.LightMaxDrawDistanceScale:1]]
[2022.02.18-22.40.42:673][  0]LogConfig: Setting CVar [[r.CapsuleShadows:1]]
[2022.02.18-22.40.42:673][  0]LogConfig: Applying CVar settings from Section [PostProcessQuality@3] File [C:/Users/pansu/OneDrive/Documents/Unreal Projects/Git/GameJamFevrier/FévrierGJ/Saved/Config/Windows/Scalability.ini]
[2022.02.18-22.40.42:673][  0]LogConfig: Setting CVar [[r.MotionBlurQuality:4]]
[2022.02.18-22.40.42:673][  0]LogConfig: Setting CVar [[r.AmbientOcclusionMipLevelFactor:0.4]]
[2022.02.18-22.40.42:673][  0]LogConfig: Setting CVar [[r.AmbientOcclusionMaxQuality:100]]
[2022.02.18-22.40.42:674][  0]LogConfig: Setting CVar [[r.AmbientOcclusionLevels:-1]]
[2022.02.18-22.40.42:674][  0]LogConfig: Setting CVar [[r.AmbientOcclusionRadiusScale:1.0]]
[2022.02.18-22.40.42:674][  0]LogConfig: Setting CVar [[r.DepthOfFieldQuality:2]]
[2022.02.18-22.40.42:674][  0]LogConfig: Setting CVar [[r.RenderTargetPoolMin:400]]
[2022.02.18-22.40.42:674][  0]LogConfig: Setting CVar [[r.LensFlareQuality:2]]
[2022.02.18-22.40.42:674][  0]LogConfig: Setting CVar [[r.SceneColorFringeQuality:1]]
[2022.02.18-22.40.42:674][  0]LogConfig: Setting CVar [[r.EyeAdaptationQuality:2]]
[2022.02.18-22.40.42:674][  0]LogConfig: Setting CVar [[r.BloomQuality:5]]
[2022.02.18-22.40.42:674][  0]LogConfig: Setting CVar [[r.FastBlurThreshold:100]]
[2022.02.18-22.40.42:674][  0]LogConfig: Setting CVar [[r.Upscale.Quality:3]]
[2022.02.18-22.40.42:674][  0]LogConfig: Setting CVar [[r.Tonemapper.GrainQuantization:1]]
[2022.02.18-22.40.42:674][  0]LogConfig: Setting CVar [[r.LightShaftQuality:1]]
[2022.02.18-22.40.42:674][  0]LogConfig: Setting CVar [[r.Filter.SizeScale:1]]
[2022.02.18-22.40.42:674][  0]LogConfig: Setting CVar [[r.Tonemapper.Quality:5]]
[2022.02.18-22.40.42:674][  0]LogConfig: Setting CVar [[r.DOF.Gather.AccumulatorQuality:1        ; higher gathering accumulator quality]]
[2022.02.18-22.40.42:674][  0]LogConfig: Setting CVar [[r.DOF.Gather.PostfilterMethod:1          ; Median3x3 postfilering method]]
[2022.02.18-22.40.42:674][  0]LogConfig: Setting CVar [[r.DOF.Gather.EnableBokehSettings:0       ; no bokeh simulation when gathering]]
[2022.02.18-22.40.42:674][  0]LogConfig: Setting CVar [[r.DOF.Gather.RingCount:4                 ; medium number of samples when gathering]]
[2022.02.18-22.40.42:674][  0]LogConfig: Setting CVar [[r.DOF.Scatter.ForegroundCompositing:1    ; additive foreground scattering]]
[2022.02.18-22.40.42:674][  0]LogConfig: Setting CVar [[r.DOF.Scatter.BackgroundCompositing:2    ; additive background scattering]]
[2022.02.18-22.40.42:674][  0]LogConfig: Setting CVar [[r.DOF.Scatter.EnableBokehSettings:1      ; bokeh simulation when scattering]]
[2022.02.18-22.40.42:674][  0]LogConfig: Setting CVar [[r.DOF.Scatter.MaxSpriteRatio:0.1         ; only a maximum of 10% of scattered bokeh]]
[2022.02.18-22.40.42:674][  0]LogConfig: Setting CVar [[r.DOF.Recombine.Quality:1                ; cheap slight out of focus]]
[2022.02.18-22.40.42:674][  0]LogConfig: Setting CVar [[r.DOF.Recombine.EnableBokehSettings:0    ; no bokeh simulation on slight out of focus]]
[2022.02.18-22.40.42:674][  0]LogConfig: Setting CVar [[r.DOF.TemporalAAQuality:1                ; more stable temporal accumulation]]
[2022.02.18-22.40.42:674][  0]LogConfig: Setting CVar [[r.DOF.Kernel.MaxForegroundRadius:0.025]]
[2022.02.18-22.40.42:674][  0]LogConfig: Setting CVar [[r.DOF.Kernel.MaxBackgroundRadius:0.025]]
[2022.02.18-22.40.42:674][  0]LogConfig: Applying CVar settings from Section [TextureQuality@3] File [C:/Users/pansu/OneDrive/Documents/Unreal Projects/Git/GameJamFevrier/FévrierGJ/Saved/Config/Windows/Scalability.ini]
[2022.02.18-22.40.42:674][  0]LogConfig: Setting CVar [[r.Streaming.MipBias:0]]
[2022.02.18-22.40.42:674][  0]LogConfig: Setting CVar [[r.Streaming.AmortizeCPUToGPUCopy:0]]
[2022.02.18-22.40.42:674][  0]LogConfig: Setting CVar [[r.Streaming.MaxNumTexturesToStreamPerFrame:0]]
[2022.02.18-22.40.42:674][  0]LogConfig: Setting CVar [[r.Streaming.Boost:1]]
[2022.02.18-22.40.42:674][  0]LogConfig: Setting CVar [[r.MaxAnisotropy:8]]
[2022.02.18-22.40.42:674][  0]LogConfig: Setting CVar [[r.VT.MaxAnisotropy:8]]
[2022.02.18-22.40.42:674][  0]LogConfig: Setting CVar [[r.Streaming.LimitPoolSizeToVRAM:0]]
[2022.02.18-22.40.42:674][  0]LogConfig: Setting CVar [[r.Streaming.PoolSize:1000]]
[2022.02.18-22.40.42:674][  0]LogConfig: Setting CVar [[r.Streaming.MaxEffectiveScreenSize:0]]
[2022.02.18-22.40.42:674][  0]LogConfig: Applying CVar settings from Section [EffectsQuality@3] File [C:/Users/pansu/OneDrive/Documents/Unreal Projects/Git/GameJamFevrier/FévrierGJ/Saved/Config/Windows/Scalability.ini]
[2022.02.18-22.40.42:674][  0]LogConfig: Setting CVar [[r.TranslucencyLightingVolumeDim:64]]
[2022.02.18-22.40.42:674][  0]LogConfig: Setting CVar [[r.RefractionQuality:2]]
[2022.02.18-22.40.42:674][  0]LogConfig: Setting CVar [[r.SSR.Quality:3]]
[2022.02.18-22.40.42:674][  0]LogConfig: Setting CVar [[r.SSR.HalfResSceneColor:0]]
[2022.02.18-22.40.42:674][  0]LogConfig: Setting CVar [[r.SceneColorFormat:4]]
[2022.02.18-22.40.42:674][  0]LogConfig: Setting CVar [[r.DetailMode:2]]
[2022.02.18-22.40.42:674][  0]LogConfig: Setting CVar [[r.TranslucencyVolumeBlur:1]]
[2022.02.18-22.40.42:674][  0]LogConfig: Setting CVar [[r.MaterialQualityLevel:1 ; High quality]]
[2022.02.18-22.40.42:674][  0]LogConfig: Setting CVar [[r.AnisotropicMaterials:1]]
[2022.02.18-22.40.42:674][  0]LogConfig: Setting CVar [[r.SSS.Scale:1]]
[2022.02.18-22.40.42:674][  0]LogConfig: Setting CVar [[r.SSS.SampleSet:2]]
[2022.02.18-22.40.42:674][  0]LogConfig: Setting CVar [[r.SSS.Quality:1]]
[2022.02.18-22.40.42:674][  0]LogConfig: Setting CVar [[r.SSS.HalfRes:0]]
[2022.02.18-22.40.42:674][  0]LogConfig: Setting CVar [[r.SSGI.Quality:3]]
[2022.02.18-22.40.42:674][  0]LogConfig: Setting CVar [[r.EmitterSpawnRateScale:1.0]]
[2022.02.18-22.40.42:674][  0]LogConfig: Setting CVar [[r.ParticleLightQuality:2]]
[2022.02.18-22.40.42:674][  0]LogConfig: Setting CVar [[r.SkyAtmosphere.AerialPerspectiveLUT.FastApplyOnOpaque:1 ; Always have FastSkyLUT 1 in this case to avoid wrong sky]]
[2022.02.18-22.40.42:674][  0]LogConfig: Setting CVar [[r.SkyAtmosphere.AerialPerspectiveLUT.SampleCountMaxPerSlice:4]]
[2022.02.18-22.40.42:674][  0]LogConfig: Setting CVar [[r.SkyAtmosphere.AerialPerspectiveLUT.DepthResolution:16.0]]
[2022.02.18-22.40.42:674][  0]LogConfig: Setting CVar [[r.SkyAtmosphere.FastSkyLUT:1]]
[2022.02.18-22.40.42:674][  0]LogConfig: Setting CVar [[r.SkyAtmosphere.FastSkyLUT.SampleCountMin:4.0]]
[2022.02.18-22.40.42:674][  0]LogConfig: Setting CVar [[r.SkyAtmosphere.FastSkyLUT.SampleCountMax:128.0]]
[2022.02.18-22.40.42:674][  0]LogConfig: Setting CVar [[r.SkyAtmosphere.SampleCountMin:4.0]]
[2022.02.18-22.40.42:674][  0]LogConfig: Setting CVar [[r.SkyAtmosphere.SampleCountMax:128.0]]
[2022.02.18-22.40.42:674][  0]LogConfig: Setting CVar [[r.SkyAtmosphere.TransmittanceLUT.UseSmallFormat:0]]
[2022.02.18-22.40.42:674][  0]LogConfig: Setting CVar [[r.SkyAtmosphere.TransmittanceLUT.SampleCount:10.0]]
[2022.02.18-22.40.42:674][  0]LogConfig: Setting CVar [[r.SkyAtmosphere.MultiScatteringLUT.SampleCount:15.0]]
[2022.02.18-22.40.42:674][  0]LogConfig: Setting CVar [[r.SkyLight.RealTimeReflectionCapture:1]]
[2022.02.18-22.40.42:674][  0]LogConfig: Applying CVar settings from Section [FoliageQuality@3] File [C:/Users/pansu/OneDrive/Documents/Unreal Projects/Git/GameJamFevrier/FévrierGJ/Saved/Config/Windows/Scalability.ini]
[2022.02.18-22.40.42:674][  0]LogConfig: Setting CVar [[foliage.DensityScale:1.0]]
[2022.02.18-22.40.42:674][  0]LogConfig: Setting CVar [[grass.DensityScale:1.0]]
[2022.02.18-22.40.42:674][  0]LogConfig: Applying CVar settings from Section [ShadingQuality@3] File [C:/Users/pansu/OneDrive/Documents/Unreal Projects/Git/GameJamFevrier/FévrierGJ/Saved/Config/Windows/Scalability.ini]
[2022.02.18-22.40.42:674][  0]LogConfig: Setting CVar [[r.HairStrands.SkyLighting.IntegrationType:2]]
[2022.02.18-22.40.42:674][  0]LogConfig: Setting CVar [[r.HairStrands.SkyAO.SampleCount:4]]
[2022.02.18-22.40.42:674][  0]LogConfig: Setting CVar [[r.HairStrands.Visibility.MSAA.SamplePerPixel:4]]
[2022.02.18-22.40.42:674][  0]LogConfig: Applying CVar settings from Section [Startup] File [../../../Engine/Config/ConsoleVariables.ini]
[2022.02.18-22.40.42:674][  0]LogConfig: Setting CVar [[net.UseAdaptiveNetUpdateFrequency:0]]
[2022.02.18-22.40.42:674][  0]LogConfig: Setting CVar [[p.chaos.AllowCreatePhysxBodies:1]]
[2022.02.18-22.40.42:674][  0]LogConfig: Setting CVar [[fx.SkipVectorVMBackendOptimizations:1]]
[2022.02.18-22.40.42:674][  0]LogConfig: Applying CVar settings from Section [ConsoleVariables] File [C:/Users/pansu/OneDrive/Documents/Unreal Projects/Git/GameJamFevrier/FévrierGJ/Saved/Config/Windows/Engine.ini]
[2022.02.18-22.40.42:674][  0]LogConfig: Applying CVar settings from Section [ConsoleVariables] File [C:/Users/pansu/OneDrive/Documents/Unreal Projects/Git/GameJamFevrier/FévrierGJ/Saved/Config/Windows/Editor.ini]
[2022.02.18-22.40.42:674][  0]LogInit: Computer: MSI
[2022.02.18-22.40.42:674][  0]LogInit: User: pansu
[2022.02.18-22.40.42:674][  0]LogInit: CPU Page size=4096, Cores=4
[2022.02.18-22.40.42:674][  0]LogInit: High frequency timer resolution =10.000000 MHz
[2022.02.18-22.40.42:674][  0]LogMemory: Memory total: Physical=15.7GB (16GB approx)
[2022.02.18-22.40.42:674][  0]LogMemory: Platform Memory Stats for Windows
[2022.02.18-22.40.42:674][  0]LogMemory: Process Physical Memory: 146.77 MB used, 146.77 MB peak
[2022.02.18-22.40.42:674][  0]LogMemory: Process Virtual Memory: 124.81 MB used, 124.81 MB peak
[2022.02.18-22.40.42:675][  0]LogMemory: Physical Memory: 10024.35 MB used,  6061.46 MB free, 16085.81 MB total
[2022.02.18-22.40.42:675][  0]LogMemory: Virtual Memory: 134209848.00 MB used,  7876.07 MB free, 134217728.00 MB total
[2022.02.18-22.40.42:743][  0]LogWindows: WindowsPlatformFeatures enabled
[2022.02.18-22.40.42:777][  0]LogInit: Physics initialised using underlying interface: PhysX
[2022.02.18-22.40.42:777][  0]LogInit: Using OS detected language (fr-FR).
[2022.02.18-22.40.42:777][  0]LogInit: Using OS detected locale (fr-FR).
[2022.02.18-22.40.42:779][  0]LogTextLocalizationManager: No specific localization for 'fr-FR' exists, so the 'fr' localization will be used.
[2022.02.18-22.40.42:780][  0]LogTextLocalizationResource: LocRes '../../../Engine/Content/Localization/Editor/fr/Editor.locres' could not be opened for reading!
[2022.02.18-22.40.42:780][  0]LogTextLocalizationResource: LocRes '../../../Engine/Content/Localization/EditorTutorials/fr/EditorTutorials.locres' could not be opened for reading!
[2022.02.18-22.40.42:780][  0]LogTextLocalizationResource: LocRes '../../../Engine/Content/Localization/Keywords/fr/Keywords.locres' could not be opened for reading!
[2022.02.18-22.40.42:780][  0]LogTextLocalizationResource: LocRes '../../../Engine/Content/Localization/Category/fr/Category.locres' could not be opened for reading!
[2022.02.18-22.40.42:780][  0]LogTextLocalizationResource: LocRes '../../../Engine/Content/Localization/ToolTips/fr/ToolTips.locres' could not be opened for reading!
[2022.02.18-22.40.42:780][  0]LogTextLocalizationResource: LocRes '../../../Engine/Content/Localization/PropertyNames/fr/PropertyNames.locres' could not be opened for reading!
[2022.02.18-22.40.42:780][  0]LogTextLocalizationResource: LocRes '../../../Engine/Content/Localization/Engine/fr/Engine.locres' could not be opened for reading!
[2022.02.18-22.40.42:781][  0]LogInit: Setting process to per monitor DPI aware
[2022.02.18-22.40.42:791][  0]LogWindowsTextInputMethodSystem: Display: IME system deactivated.
[2022.02.18-22.40.42:809][  0]LogSlate: New Slate User Created.  User Index 0, Is Virtual User: 0
[2022.02.18-22.40.42:809][  0]LogSlate: Slate User Registered.  User Index 0, Is Virtual User: 0
[2022.02.18-22.40.42:930][  0]LogD3D11RHI: Loaded GFSDK_Aftermath_Lib.x64.dll
[2022.02.18-22.40.42:966][  0]LogHMD: Failed to initialize OpenVR with code 110
[2022.02.18-22.40.42:966][  0]LogD3D11RHI: D3D11 min allowed feature level: 11_0
[2022.02.18-22.40.42:966][  0]LogD3D11RHI: D3D11 max allowed feature level: 11_0
[2022.02.18-22.40.42:966][  0]LogD3D11RHI: D3D11 adapters:
[2022.02.18-22.40.43:055][  0]LogD3D11RHI:    0. 'NVIDIA GeForce RTX 3060 Laptop GPU' (Feature Level 11_0)
[2022.02.18-22.40.43:055][  0]LogD3D11RHI:       6023/0/8042 MB DedicatedVideo/DedicatedSystem/SharedSystem, Outputs:2, VendorId:0x10de
[2022.02.18-22.40.43:083][  0]LogD3D11RHI:    1. 'Intel(R) Iris(R) Xe Graphics' (Feature Level 11_0)
[2022.02.18-22.40.43:083][  0]LogD3D11RHI:       128/0/8042 MB DedicatedVideo/DedicatedSystem/SharedSystem, Outputs:0, VendorId:0x8086
[2022.02.18-22.40.43:085][  0]LogD3D11RHI:    2. 'Microsoft Basic Render Driver' (Feature Level 11_0)
[2022.02.18-22.40.43:085][  0]LogD3D11RHI:       0/0/8042 MB DedicatedVideo/DedicatedSystem/SharedSystem, Outputs:0, VendorId:0x1414
[2022.02.18-22.40.43:085][  0]LogD3D11RHI: Chosen D3D11 Adapter:
[2022.02.18-22.40.43:085][  0]LogD3D11RHI:     Description : NVIDIA GeForce RTX 3060 Laptop GPU
[2022.02.18-22.40.43:085][  0]LogD3D11RHI:     VendorId    : 10de
[2022.02.18-22.40.43:085][  0]LogD3D11RHI:     DeviceId    : 2520
[2022.02.18-22.40.43:085][  0]LogD3D11RHI:     SubSysId    : 12fa1462
[2022.02.18-22.40.43:085][  0]LogD3D11RHI:     Revision    : 00a1
[2022.02.18-22.40.43:085][  0]LogD3D11RHI:     DedicatedVideoMemory : 6315573248 bytes
[2022.02.18-22.40.43:085][  0]LogD3D11RHI:     DedicatedSystemMemory : 0 bytes
[2022.02.18-22.40.43:085][  0]LogD3D11RHI:     SharedSystemMemory : 8433596416 bytes
[2022.02.18-22.40.43:085][  0]LogD3D11RHI:     AdapterLuid : 0 68080
[2022.02.18-22.40.43:092][  0]LogD3D11RHI: Creating new Direct3DDevice
[2022.02.18-22.40.43:092][  0]LogD3D11RHI:     GPU DeviceId: 0x2520 (for the marketing name, search the web for "GPU Device Id")
[2022.02.18-22.40.43:092][  0]LogWindows: EnumDisplayDevices:
[2022.02.18-22.40.43:093][  0]LogWindows:    0. 'Intel(R) Iris(R) Xe Graphics' (P:0 D:1)
[2022.02.18-22.40.43:093][  0]LogWindows:    1. 'Intel(R) Iris(R) Xe Graphics' (P:1 D:1)
[2022.02.18-22.40.43:093][  0]LogWindows:    2. 'Intel(R) Iris(R) Xe Graphics' (P:0 D:0)
[2022.02.18-22.40.43:093][  0]LogWindows:    3. 'Intel(R) Iris(R) Xe Graphics' (P:0 D:0)
[2022.02.18-22.40.43:093][  0]LogWindows:    4. 'NVIDIA GeForce RTX 3060 Laptop GPU' (P:0 D:0)
[2022.02.18-22.40.43:093][  0]LogWindows:    5. 'NVIDIA GeForce RTX 3060 Laptop GPU' (P:0 D:0)
[2022.02.18-22.40.43:093][  0]LogWindows:    6. 'NVIDIA GeForce RTX 3060 Laptop GPU' (P:0 D:0)
[2022.02.18-22.40.43:094][  0]LogWindows:    7. 'NVIDIA GeForce RTX 3060 Laptop GPU' (P:0 D:0)
[2022.02.18-22.40.43:094][  0]LogWindows: DebugString: PrimaryIsNotTheChoosenAdapter PrimaryIsNotTheChoosenAdapter PrimaryIsNotTheChoosenAdapter PrimaryIsNotTheChoosenAdapter FoundDriverCount:4 
[2022.02.18-22.40.43:094][  0]LogD3D11RHI:     Adapter Name: NVIDIA GeForce RTX 3060 Laptop GPU
[2022.02.18-22.40.43:094][  0]LogD3D11RHI:   Driver Version: 472.12 (internal:30.0.14.7212, unified:472.12)
[2022.02.18-22.40.43:094][  0]LogD3D11RHI:      Driver Date: 9-13-2021
[2022.02.18-22.40.43:094][  0]LogRHI: Texture pool is 4216 MB (70% of 6023 MB)
[2022.02.18-22.40.43:094][  0]LogD3D11RHI: Creating D3DDevice using adapter:
[2022.02.18-22.40.43:094][  0]LogD3D11RHI:     Description : NVIDIA GeForce RTX 3060 Laptop GPU
[2022.02.18-22.40.43:094][  0]LogD3D11RHI:     VendorId    : 10de
[2022.02.18-22.40.43:094][  0]LogD3D11RHI:     DeviceId    : 2520
[2022.02.18-22.40.43:094][  0]LogD3D11RHI:     SubSysId    : 12fa1462
[2022.02.18-22.40.43:094][  0]LogD3D11RHI:     Revision    : 00a1
[2022.02.18-22.40.43:094][  0]LogD3D11RHI:     DedicatedVideoMemory : 6315573248 bytes
[2022.02.18-22.40.43:094][  0]LogD3D11RHI:     DedicatedSystemMemory : 0 bytes
[2022.02.18-22.40.43:094][  0]LogD3D11RHI:     SharedSystemMemory : 8433596416 bytes
[2022.02.18-22.40.43:094][  0]LogD3D11RHI:     AdapterLuid : 0 68080
[2022.02.18-22.40.43:154][  0]LogD3D11RHI: RHI has support for 64 bit atomics
[2022.02.18-22.40.43:155][  0]LogD3D11RHI: Async texture creation enabled
[2022.02.18-22.40.43:155][  0]LogD3D11RHI: Array index from any shader is supported
[2022.02.18-22.40.43:177][  0]LogD3D11RHI: GPU Timing Frequency: 1000.000000 (Debug: 2 2)
[2022.02.18-22.40.43:207][  0]LogRHI: GeForceNow SDK initialized: 1
[2022.02.18-22.40.43:493][  0]LogTargetPlatformManager: Display: Loaded TargetPlatform 'AllDesktop'
[2022.02.18-22.40.43:510][  0]LogTargetPlatformManager: Display: Loaded TargetPlatform 'Android'
[2022.02.18-22.40.43:510][  0]LogTargetPlatformManager: Display: Loaded TargetPlatform 'Android_ASTC'
[2022.02.18-22.40.43:510][  0]LogTargetPlatformManager: Display: Loaded TargetPlatform 'Android_DXT'
[2022.02.18-22.40.43:510][  0]LogTargetPlatformManager: Display: Loaded TargetPlatform 'Android_ETC2'
[2022.02.18-22.40.43:510][  0]LogTargetPlatformManager: Display: Loaded TargetPlatform 'AndroidClient'
[2022.02.18-22.40.43:510][  0]LogTargetPlatformManager: Display: Loaded TargetPlatform 'Android_ASTCClient'
[2022.02.18-22.40.43:510][  0]LogTargetPlatformManager: Display: Loaded TargetPlatform 'Android_DXTClient'
[2022.02.18-22.40.43:510][  0]LogTargetPlatformManager: Display: Loaded TargetPlatform 'Android_ETC2Client'
[2022.02.18-22.40.43:510][  0]LogTargetPlatformManager: Display: Loaded TargetPlatform 'Android_Multi'
[2022.02.18-22.40.43:510][  0]LogTargetPlatformManager: Display: Loaded TargetPlatform 'Android_MultiClient'
[2022.02.18-22.40.43:526][  0]LogTargetPlatformManager: Display: Loaded TargetPlatform 'IOSClient'
[2022.02.18-22.40.43:526][  0]LogTargetPlatformManager: Display: Loaded TargetPlatform 'IOS'
[2022.02.18-22.40.43:536][  0]LogTargetPlatformManager: Display: Loaded TargetPlatform 'Linux'
[2022.02.18-22.40.43:540][  0]LogTargetPlatformManager: Display: Loaded TargetPlatform 'LinuxNoEditor'
[2022.02.18-22.40.43:544][  0]LogTargetPlatformManager: Display: Loaded TargetPlatform 'LinuxClient'
[2022.02.18-22.40.43:549][  0]LogTargetPlatformManager: Display: Loaded TargetPlatform 'LinuxServer'
[2022.02.18-22.40.43:557][  0]LogTargetPlatformManager: Display: Loaded TargetPlatform 'LinuxAArch64NoEditor'
[2022.02.18-22.40.43:562][  0]LogTargetPlatformManager: Display: Loaded TargetPlatform 'LinuxAArch64Client'
[2022.02.18-22.40.43:566][  0]LogTargetPlatformManager: Display: Loaded TargetPlatform 'LinuxAArch64Server'
[2022.02.18-22.40.43:587][  0]LogTargetPlatformManager: Display: Loaded TargetPlatform 'Lumin'
[2022.02.18-22.40.43:587][  0]LogTargetPlatformManager: Display: Loaded TargetPlatform 'LuminClient'
[2022.02.18-22.40.43:596][  0]LogTargetPlatformManager: Display: Loaded TargetPlatform 'MacNoEditor'
[2022.02.18-22.40.43:600][  0]LogTargetPlatformManager: Display: Loaded TargetPlatform 'Mac'
[2022.02.18-22.40.43:604][  0]LogTargetPlatformManager: Display: Loaded TargetPlatform 'MacClient'
[2022.02.18-22.40.43:609][  0]LogTargetPlatformManager: Display: Loaded TargetPlatform 'MacServer'
[2022.02.18-22.40.43:618][  0]LogTargetPlatformManager: Display: Loaded TargetPlatform 'TVOSClient'
[2022.02.18-22.40.43:618][  0]LogTargetPlatformManager: Display: Loaded TargetPlatform 'TVOS'
[2022.02.18-22.40.43:626][  0]LogTargetPlatformManager: Display: Loaded TargetPlatform 'WindowsNoEditor'
[2022.02.18-22.40.43:630][  0]LogTargetPlatformManager: Display: Loaded TargetPlatform 'Windows'
[2022.02.18-22.40.43:634][  0]LogTargetPlatformManager: Display: Loaded TargetPlatform 'WindowsClient'
[2022.02.18-22.40.43:638][  0]LogTargetPlatformManager: Display: Loaded TargetPlatform 'WindowsServer'
[2022.02.18-22.40.43:638][  0]LogTargetPlatformManager: Display: Building Assets For Windows
[2022.02.18-22.40.43:644][  0]LogAudioDebug: Display: Lib vorbis DLL was dynamically loaded.
[2022.02.18-22.40.43:673][  0]LogTextureFormatOodle: Display: Oodle Texture 2.9.0 init RDO Off
[2022.02.18-22.40.43:704][  0]LogRendererCore: Ray tracing is disabled. Reason: r.RayTracing=0.
[2022.02.18-22.40.43:704][  0]LogShaderCompilers: Guid format shader working directory is -48 characters bigger than the processId version (../../../../../../Users/pansu/OneDrive/Documents/Unreal Projects/Git/GameJamFevrier/FévrierGJ/Intermediate/Shaders/WorkingDirectory/10632/).
[2022.02.18-22.40.43:704][  0]LogShaderCompilers: Cleaned the shader compiler working directory 'C:/Users/pansu/AppData/Local/Temp/UnrealShaderWorkingDir/A976C6604FF4A148AE14D6BC6EF3981B/'.
[2022.02.18-22.40.43:705][  0]LogXGEController: Cannot use XGE Controller as Incredibuild is not installed on this machine.
[2022.02.18-22.40.43:705][  0]LogShaderCompilers: Cannot use XGE Shader Compiler as Incredibuild is not installed on this machine.
[2022.02.18-22.40.43:705][  0]LogShaderCompilers: Display: Using Local Shader Compiler.
[2022.02.18-22.40.44:365][  0]LogDerivedDataCache: Display: Max Cache Size: 512 MB
[2022.02.18-22.40.44:419][  0]LogDerivedDataCache: Loaded boot cache 0.05s 94MB C:/Users/pansu/AppData/Local/UnrealEngine/4.27/DerivedDataCache/Boot.ddc.
[2022.02.18-22.40.44:419][  0]LogDerivedDataCache: Display: Loaded Boot cache: C:/Users/pansu/AppData/Local/UnrealEngine/4.27/DerivedDataCache/Boot.ddc
[2022.02.18-22.40.44:420][  0]LogDerivedDataCache: FDerivedDataBackendGraph:  Pak pak cache file ../../../../../../Users/pansu/OneDrive/Documents/Unreal Projects/Git/GameJamFevrier/FévrierGJ/DerivedDataCache/DDC.ddp not found, will not use a pak cache.
[2022.02.18-22.40.44:420][  0]LogDerivedDataCache: Unable to find inner node Pak for hierarchical cache Hierarchy.
[2022.02.18-22.40.44:420][  0]LogDerivedDataCache: FDerivedDataBackendGraph:  CompressedPak pak cache file ../../../../../../Users/pansu/OneDrive/Documents/Unreal Projects/Git/GameJamFevrier/FévrierGJ/DerivedDataCache/Compressed.ddp not found, will not use a pak cache.
[2022.02.18-22.40.44:420][  0]LogDerivedDataCache: Unable to find inner node CompressedPak for hierarchical cache Hierarchy.
[2022.02.18-22.40.44:436][  0]LogDerivedDataCache: Display: Pak cache opened for reading ../../../Engine/DerivedDataCache/Compressed.ddp.
[2022.02.18-22.40.44:436][  0]LogDerivedDataCache: FDerivedDataBackendGraph:  EnterprisePak pak cache file ../../../Enterprise/DerivedDataCache/Compressed.ddp not found, will not use a pak cache.
[2022.02.18-22.40.44:436][  0]LogDerivedDataCache: Unable to find inner node EnterprisePak for hierarchical cache Hierarchy.
[2022.02.18-22.40.44:442][  0]LogDerivedDataCache: Speed tests for C:/Users/pansu/AppData/Local/UnrealEngine/Common/DerivedDataCache took 0.01 seconds
[2022.02.18-22.40.44:442][  0]LogDerivedDataCache: Display: Performance to C:/Users/pansu/AppData/Local/UnrealEngine/Common/DerivedDataCache: Latency=0.02ms. RandomReadSpeed=1300.08MBs, RandomWriteSpeed=203.99MBs. Assigned SpeedClass 'Local'
[2022.02.18-22.40.44:443][  0]LogDerivedDataCache: Using Local data cache path C:/Users/pansu/AppData/Local/UnrealEngine/Common/DerivedDataCache: Writable
[2022.02.18-22.40.44:443][  0]LogDerivedDataCache: Shared data cache path not found in *engine.ini, will not use an Shared cache.
[2022.02.18-22.40.44:443][  0]LogDerivedDataCache: Unable to find inner node Shared for hierarchical cache Hierarchy.
[2022.02.18-22.40.44:481][  0]LogSlate: Using FreeType 2.10.0
[2022.02.18-22.40.44:481][  0]LogSlate: SlateFontServices - WITH_FREETYPE: 1, WITH_HARFBUZZ: 1
[2022.02.18-22.40.44:504][  0]LogAssetRegistry: FAssetRegistry took 0.0029 seconds to start up
[2022.02.18-22.40.44:705][  0]LogInit: Selected Device Profile: [Windows]
[2022.02.18-22.40.44:705][  0]LogInit: Active device profile: [000001DE21235300][000001DE20B99B00 49] Windows
[2022.02.18-22.40.44:705][  0]LogInit: Profiles: [000001DE21235300][000001DE20B99B00 49] Windows, [000001DE2120E600][000001DE20BA0240 49] WindowsNoEditor, [000001DE21236500][000001DE20BA4500 49] WindowsServer, [000001DE2120F400][000001DE20BA87C0 49] WindowsClient, [000001DE21237200][000001DE20BACA80 49] IOS, [000001DE2120FD00][000001DE20B9CD00 49] iPadAir, [000001DE21236900][000001DE20BB0F80 49] iPadAir2, [000001DE211B5C00][000001DE20BC94C0 49] IPadPro, [000001DE211B5D00][000001DE20BB9500 49] iPadAir3, [000001DE2120FA00][000001DE20BC17C0 49] iPadAir4, [000001DE211B6C00][000001DE20BBDA80 49] iPadMini2, [000001DE2120D500][000001DE20BC41C0 49] iPadMini3, [000001DE211B4B00][000001DE20BCC480 49] iPadMini4, [000001DE2120EA00][000001DE20BD0740 49] iPadMini5, [000001DE211D1300][000001DE20BE4C80 49] iPhone6, [000001DE211D1400][000001DE20BD4CC0 49] iPodTouch6, [000001DE21235600][000001DE20BE9180 49] iPhone7, [000001DE21236B00][000001DE20BB51C0 49] iPodTouch7, [000001DE211B7A00][000001DE20BE1480 49] iPhone5S, [000001DE21235800][000001DE20BD9740 49] iPhone6Plus, [000001DE211B7000][000001DE20BEDA00 49] iPhone6S, [000001DE21236800][000001DE1FE1A140 49] iPhone6SPlus, [000001DE211B5400][000001DE1FE1E400 49] iPhone7Plus, [000001DE21234100][000001DE1FE226C0 49] iPhoneSE, [000001DE21234B00][000001DE1FE26980 49] iPhone8, [000001DE211D0800][000001DE1FE2AC40 49] iPhone8Plus, [000001DE21235500][000001DE1FE2EF00 49] iPhoneX, [000001DE211D0F00][000001DE20BDD180 49] iPhoneXS, [000001DE21237700][000001DE1FE37440 49] iPhoneXSMax, [000001DE211D3200][000001DE1FE3B700 49] iPhoneXR, [000001DE21237800][000001DE1FE3F9C0 49] iPhone11, [000001DE211D3D00][000001DE1FE42100 49] iPhone11Pro, [000001DE211B6600][000001DE1FE463C0 49] iPhone11ProMax, [000001DE211D0600][000001DE1FE4A680 49] iPhoneSE2, [000001DE211B6000][000001DE1FE4E940 49] iPhone12Mini, [000001DE211D3800][000001DE1FE52C00 49] iPhone12, [000001DE211B5B00][000001DE1FE56EC0 49] iPhone12Pro, [000001DE211D1E00][000001DE1FE33140 49] iPhone12ProMax, [000001DE211B7F00][000001DE1FE5B3C0 49] iPadPro105, [000001DE211D3300][000001DE1FE63680 49] iPadPro129, [000001DE211B7700][000001DE1FE67940 49] iPadPro97, [000001DE211D2200][000001DE1FE6BC00 49] iPadPro2_129, [000001DE211B6F00][000001DE1FE6E340 49] iPad5, [000001DE211D0C00][000001DE1FE72600 49] iPad6, [000001DE211B6500][000001DE1FE768C0 49] iPad7, [000001DE211D2B00][000001DE1FE7AB80 49] iPad8, [000001DE211B5500][000001DE1FE7EE40 49] iPadPro11, [000001DE211D3E00][000001DE1FE83100 49] iPadPro2_11, [000001DE211B6100][000001DE1FE5F380 49] iPadPro3_129, [000001DE211D0700][000001DE1FF1F600 49] iPadPro4_129, [000001DE211B7100][000001DE1FF278C0 49] AppleTV, [000001DE211D1C00][000001DE1FF2BB80 49] AppleTV4K, [000001DE211B5900][000001DE1FF2E2C0 49] TVOS, [000001DE211D2100][000001DE1FF32580 49] Mac, [000001DE211B7C00][000001DE1FF36840 49] MacClient, [000001DE211D2500][000001DE1FF3AB00 49] MacNoEditor, [000001DE211B5800][000001DE1FF3EDC0 49] MacServer, [000001DE211D1900][000001DE1FF43080 49] Linux, [000001DE211B5000][000001DE1FF47340 49] LinuxAArch64, [000001DE211D0900][000001DE1FF235C0 49] LinuxNoEditor, [000001DE211B7B00][000001DE1FF4B840 49] LinuxAArch64NoEditor, [000001DE211D1D00][000001DE1FF53B00 49] LinuxClient, [000001DE211B4A00][000001DE1FF56240 49] LinuxAArch64Client, [000001DE211D1A00][000001DE1FF5A500 49] LinuxServer, [000001DE211B4200][000001DE1FF5E7C0 49] LinuxAArch64Server, [000001DE211D1000][000001DE1FF62A80 49] Android, [000001DE211B6B00][000001DE1FF66D40 49] Android_Low, [000001DE211D1F00][000001DE1FF6B000 49] Android_Mid, [000001DE211B4100][000001DE1FF6F2C0 49] Android_High, [000001DE211D1700][000001DE1FF73580 49] Android_Default, [000001DE211B4800][000001DE1FF4F800 49] Android_Adreno4xx, [000001DE211D1500][000001DE1FF77A80 49] Android_Adreno5xx_Low, [000001DE211B7E00][000001DE1FF7E1C0 49] Android_Adreno5xx, [000001DE211D2000][000001DE1FF82480 49] Android_Adreno6xx, [000001DE211B4600][000001DE1FF86740 49] Android_Adreno6xx_Vulkan, [000001DE211D0A00][000001DE1FF8AA00 49] Android_Mali_T6xx, [000001DE211B4E00][000001DE1FF8ECC0 49] Android_Mali_T7xx, [000001DE211D3900][000001DE1FF92F80 49] Android_Mali_T8xx, [000001DE211B5600][000001DE1FF97240 49] Android_Mali_G71, [000001DE211D2A00][000001DE19789500 49] Android_Mali_G72, [000001DE211B5300][000001DE1978D7C0 49] Android_Mali_G72_Vulkan, [000001DE211D2C00][000001DE1FF7BA40 49] Android_Mali_G76, [000001DE211B7800][000001DE19790140 49] Android_Mali_G76_Vulkan, [000001DE21234300][000001DE19798400 49] Android_Mali_G77, [000001DE2120ED00][000001DE1979C6C0 49] Android_Mali_G77_Vulkan, [000001DE21236300][000001DE197A0980 49] Android_Mali_G78, [000001DE2120D100][000001DE197A4C40 49] Android_Mali_G78_Vulkan, [000001DE21237400][000001DE197A8F00 49] Android_Mali_G710, [000001DE2120E400][000001DE197AD1C0 49] Android_Mali_G710_Vulkan, [000001DE21234800][000001DE197B1480 49] Android_Vulkan_SM5, [000001DE2120F100][000001DE197B5740 49] Android_PowerVR_G6xxx, [000001DE21234700][000001DE197B9A00 49] Android_PowerVR_GT7xxx, [000001DE2120F800][000001DE19794100 49] Android_PowerVR_GE8xxx, [000001DE21236C00][000001DE197BC380 49] Android_PowerVR_GM9xxx, [000001DE2120E800][000001DE197C4640 49] Android_PowerVR_GM9xxx_Vulkan, [000001DE21237100][000001DE197C8900 49] Android_TegraK1, [000001DE2120D000][000001DE197CCBC0 49] Android_Unknown_Vulkan, [000001DE21237D00][000001DE197D0E80 49] Lumin, [000001DE2120FF00][000001DE197D5140 49] Lumin_Desktop, [000001DE21235C00][000001DE197D9400 49] HoloLens, 
[2022.02.18-22.40.44:822][  0]LogMeshReduction: Using QuadricMeshReduction for automatic static mesh reduction
[2022.02.18-22.40.44:822][  0]LogMeshReduction: Using SimplygonMeshReduction for automatic skeletal mesh reduction
[2022.02.18-22.40.44:822][  0]LogMeshReduction: Using ProxyLODMeshReduction for automatic mesh merging
[2022.02.18-22.40.44:822][  0]LogMeshReduction: No distributed automatic mesh merging module available
[2022.02.18-22.40.44:822][  0]LogMeshMerging: No distributed automatic mesh merging module available
[2022.02.18-22.40.44:835][  0]LogNetVersion: FévrierGJ 1.0.0, NetCL: 17155196, EngineNetVer: 17, GameNetVer: 0 (Checksum: 1574858505)
[2022.02.18-22.40.45:178][  0]LogTexture: Default maximum texture size for cubemaps generated from long-lat sources has been changed from 512 to unlimited. In order to preserve old behaiour for '/Engine/MapTemplates/Sky/DaylightAmbientCubemap.DaylightAmbientCubemap', its maximum texture size has been explicitly set to 512.
[2022.02.18-22.40.45:228][  0]LogHMD: PokeAHoleMaterial loaded successfully
[2022.02.18-22.40.45:234][  0]LogUObjectArray: 17178 objects as part of root set at end of initial load.
[2022.02.18-22.40.45:235][  0]LogUObjectAllocator: 4302048 out of 0 bytes used by permanent object pool.
[2022.02.18-22.40.45:235][  0]LogUObjectArray: CloseDisregardForGC: 0/0 objects in disregard for GC pool
[2022.02.18-22.40.45:494][  0]LogNiagaraDebuggerClient: Niagara Debugger Client Initialized | Session: 314BF43E4853917854CECEB6AEB2410C | Instance: 275997664076EFBD1007509373460FED (MSI-10632).
[2022.02.18-22.40.45:597][  0]LogPython: Using Python 3.7.7
[2022.02.18-22.40.46:002][  0]LogTcpMessaging: Initializing TcpMessaging bridge
[2022.02.18-22.40.46:007][  0]LogUdpMessaging: Initializing bridge on interface 0.0.0.0:0 to multicast group 230.0.0.1:6666.
[2022.02.18-22.40.46:196][  0]SourceControl: Source control is disabled
[2022.02.18-22.40.46:196][  0]SourceControl: Source control is disabled
[2022.02.18-22.40.46:200][  0]SourceControl: Source control is disabled
[2022.02.18-22.40.46:206][  0]SourceControl: Source control is disabled
[2022.02.18-22.40.46:212][  0]SourceControl: Source control is disabled
[2022.02.18-22.40.46:219][  0]LogUProjectInfo: Found projects:
[2022.02.18-22.40.46:226][  0]LogVSAccessor: Display: Unable to create Visual Studio setup instance: 80040154
[2022.02.18-22.40.46:227][  0]LogVSAccessor: Display: Unable to create Visual Studio setup instance: 80040154
[2022.02.18-22.40.46:227][  0]LogVSAccessor: Display: Unable to create Visual Studio setup instance: 80040154
[2022.02.18-22.40.46:357][  0]LogOpenImageDenoise: OIDN starting up
[2022.02.18-22.40.46:391][  0]LogAndroidPermission: UAndroidPermissionCallbackProxy::GetInstance
[2022.02.18-22.40.46:405][  0]LogAudioCaptureCore: Display: No Audio Capture implementations found. Audio input will be silent.
[2022.02.18-22.40.46:405][  0]LogAudioCaptureCore: Display: No Audio Capture implementations found. Audio input will be silent.
[2022.02.18-22.40.46:543][  0]LogCollectionManager: Loaded 0 collections in 0.001082 seconds
[2022.02.18-22.40.46:564][  0]LogFileCache: Scanning file cache for directory 'C:/Users/pansu/OneDrive/Documents/Unreal Projects/Git/GameJamFevrier/FévrierGJ/Saved/Collections/' took 0.00s
[2022.02.18-22.40.46:564][  0]LogFileCache: Scanning file cache for directory 'C:/Users/pansu/OneDrive/Documents/Unreal Projects/Git/GameJamFevrier/FévrierGJ/Content/Developers/pansu/Collections/' took 0.00s
[2022.02.18-22.40.46:564][  0]LogFileCache: Scanning file cache for directory 'C:/Users/pansu/OneDrive/Documents/Unreal Projects/Git/GameJamFevrier/FévrierGJ/Content/Collections/' took 0.00s
[2022.02.18-22.40.46:564][  0]LogOcInput: OculusInput pre-init called
[2022.02.18-22.40.46:758][  0]LogEngine: Initializing Engine...
[2022.02.18-22.40.46:760][  0]LogHMD: Failed to enumerate extensions. Please check that you have a valid OpenXR runtime installed.
[2022.02.18-22.40.46:760][  0]LogHMD: Failed to initialize OpenVR with code 110
[2022.02.18-22.40.46:760][  0]LogMagicLeap: Warning: VR disabled because ZI is not enabled.  To enable, in the editor, Edit -> Project Settings -> Plugins -> Magic Leap Plugin -> Enable Zero Iteration
[2022.02.18-22.40.46:761][  0]LogStats: UGameplayTagsManager::InitializeManager -  0.000 s
[2022.02.18-22.40.46:866][  0]LogInit: Initializing FReadOnlyCVARCache
[2022.02.18-22.40.46:875][  0]LogAIModule: Creating AISystem for world Untitled
[2022.02.18-22.40.46:879][  0]LogAudio: Display: Initializing Audio Device Manager...
[2022.02.18-22.40.46:884][  0]LogAudio: Display: Loading Default Audio Settings Objects...
[2022.02.18-22.40.46:884][  0]LogAudio: Display: No default SoundConcurrencyObject specified (or failed to load).
[2022.02.18-22.40.46:885][  0]LogAudio: Display: Audio Device Manager Initialized
[2022.02.18-22.40.46:885][  0]LogAudio: Display: Creating Audio Device:                 Id: 1, Scope: Shared, Realtime: True
[2022.02.18-22.40.46:885][  0]LogAudioMixer: Display: Audio Mixer Platform Settings:
[2022.02.18-22.40.46:885][  0]LogAudioMixer: Display: 	Sample Rate:						  48000
[2022.02.18-22.40.46:885][  0]LogAudioMixer: Display: 	Callback Buffer Frame Size Requested: 1024
[2022.02.18-22.40.46:885][  0]LogAudioMixer: Display: 	Callback Buffer Frame Size To Use:	  1024
[2022.02.18-22.40.46:885][  0]LogAudioMixer: Display: 	Number of buffers to queue:			  2
[2022.02.18-22.40.46:885][  0]LogAudioMixer: Display: 	Max Channels (voices):				  32
[2022.02.18-22.40.46:885][  0]LogAudioMixer: Display: 	Number of Async Source Workers:		  0
[2022.02.18-22.40.46:885][  0]LogAudio: Display: AudioDevice MaxSources: 32
[2022.02.18-22.40.46:885][  0]LogAudio: Display: Audio Spatialization Plugin: None (built-in).
[2022.02.18-22.40.46:885][  0]LogAudio: Display: Audio Reverb Plugin: None (built-in).
[2022.02.18-22.40.46:885][  0]LogAudio: Display: Audio Occlusion Plugin: None (built-in).
[2022.02.18-22.40.46:885][  0]LogAudioMixer: Display: Initializing audio mixer.
[2022.02.18-22.40.46:959][  0]LogAudioMixer: Display: 0: FrontLeft
[2022.02.18-22.40.46:959][  0]LogAudioMixer: Display: 1: FrontRight
[2022.02.18-22.40.47:116][  0]LogAudioMixer: Display: Using Audio Device Headphones (Realtek(R) Audio)
[2022.02.18-22.40.47:118][  0]LogAudioMixer: Display: Initializing Sound Submixes...
[2022.02.18-22.40.47:119][  0]LogAudioMixer: Display: Creating Master Submix 'MasterSubmixDefault'
[2022.02.18-22.40.47:119][  0]LogAudioMixer: Display: Creating Master Submix 'MasterReverbSubmixDefault'
[2022.02.18-22.40.47:120][  0]LogAudioMixer: Display: Creating Master Submix 'MasterEQSubmixDefault'
[2022.02.18-22.40.47:120][  0]LogAudioMixer: FMixerPlatformXAudio2::StartAudioStream() called
[2022.02.18-22.40.47:120][  0]LogAudioMixer: Display: Output buffers initialized: Frames=1024, Channels=2, Samples=2048
[2022.02.18-22.40.47:121][  0]LogAudioMixer: Display: Starting AudioMixerPlatformInterface::RunInternal()
[2022.02.18-22.40.47:121][  0]LogAudioMixer: Display: FMixerPlatformXAudio2::SubmitBuffer() called for the first time
[2022.02.18-22.40.47:121][  0]LogInit: FAudioDevice initialized.
[2022.02.18-22.40.47:121][  0]LogAudio: Display: Audio Device (ID: 1) registered with world 'Untitled'.
[2022.02.18-22.40.47:121][  0]LogNetVersion: Set ProjectVersion to 1.0.0.0. Version Checksum will be recalculated on next use.
[2022.02.18-22.40.47:171][  0]LogDerivedDataCache: Saved boot cache 0.05s 94MB C:/Users/pansu/AppData/Local/UnrealEngine/4.27/DerivedDataCache/Boot.ddc.
[2022.02.18-22.40.47:172][  0]LogInit: Texture streaming: Enabled
[2022.02.18-22.40.47:184][  0]LogAnalytics: Display: [UEEditor.Rocket.Release] APIServer = https://datarouter.ol.epicgames.com/. AppVersion = 4.27.2-18319896+++UE4+Release-4.27
[2022.02.18-22.40.47:190][  0]LogEngineSessionManager: EngineSessionManager initialized
[2022.02.18-22.40.47:190][  0]LogEditorSessionSummary: Verbose: Initializing EditorSessionSummaryWriter for editor session tracking
[2022.02.18-22.40.47:197][  0]LogEditorSessionSummary: EditorSessionSummaryWriter initialized
[2022.02.18-22.40.47:218][  0]LogInit: Transaction tracking system initialized
[2022.02.18-22.40.47:237][  0]BlueprintLog: New page: Editor Load
[2022.02.18-22.40.47:294][  0]LocalizationService: Localization service is disabled
[2022.02.18-22.40.47:315][  0]TimingProfiler: Initialize
[2022.02.18-22.40.47:316][  0]TimingProfiler: OnSessionChanged
[2022.02.18-22.40.47:316][  0]LoadingProfiler: Initialize
[2022.02.18-22.40.47:316][  0]LoadingProfiler: OnSessionChanged
[2022.02.18-22.40.47:316][  0]NetworkingProfiler: Initialize
[2022.02.18-22.40.47:316][  0]NetworkingProfiler: OnSessionChanged
[2022.02.18-22.40.47:316][  0]MemoryProfiler: Initialize
[2022.02.18-22.40.47:316][  0]MemoryProfiler: OnSessionChanged
[2022.02.18-22.40.47:366][  0]LogVSAccessor: Display: Unable to create Visual Studio setup instance: 80040154
[2022.02.18-22.40.47:367][  0]LogVSAccessor: Display: Unable to create Visual Studio setup instance: 80040154
[2022.02.18-22.40.47:367][  0]LogVSAccessor: Display: Unable to create Visual Studio setup instance: 80040154
[2022.02.18-22.40.47:439][  0]LogCook: Display: CookSettings for Memory: MemoryMaxUsedVirtual 0MiB, MemoryMaxUsedPhysical 16384MiB, MemoryMinFreeVirtual 0MiB, MemoryMinFreePhysical 1024MiB
[2022.02.18-22.40.47:439][  0]LogCook: Display: Mobile HDR setting 1
[2022.02.18-22.40.47:618][  0]LogFileCache: Scanning file cache for directory 'C:/Users/pansu/OneDrive/Documents/Unreal Projects/Git/GameJamFevrier/FévrierGJ/Content/' took 0.00s
[2022.02.18-22.40.47:770][  0]LogInit: Display: Engine is initialized. Leaving FEngineLoop::Init()
[2022.02.18-22.40.47:777][  0]SourceControl: Source control is disabled
[2022.02.18-22.40.47:777][  0]LogUnrealEdMisc: Loading editor; pre map load, took 6.168
[2022.02.18-22.40.47:777][  0]Cmd: MAP LOAD FILE="../../../Engine/Content/Maps/Templates/Template_Default.umap" TEMPLATE=1 SHOWPROGRESS=1 FEATURELEVEL=3
[2022.02.18-22.40.47:778][  0]LightingResults: New page: Lighting Build
[2022.02.18-22.40.47:781][  0]LogWorld: UWorld::CleanupWorld for Untitled, bSessionEnded=true, bCleanupResources=true
[2022.02.18-22.40.47:781][  0]LogSlate: InvalidateAllWidgets triggered.  All widgets were invalidated
[2022.02.18-22.40.47:781][  0]MapCheck: New page: Map Check
[2022.02.18-22.40.47:781][  0]LightingResults: New page: Lighting Build
[2022.02.18-22.40.47:785][  0]LogAudio: Display: Audio Device unregistered from world 'None'.
[2022.02.18-22.40.47:788][  0]LogUObjectHash: Compacting FUObjectHashTables data took   0.60ms
[2022.02.18-22.40.47:835][  0]LogTexture: Display: Building textures: DeprecatedTextureEB9CBE3C423008B5E8E130901E171C89 (BGRA8, 128X128)
[2022.02.18-22.40.47:846][  0]LogAudio: Display: Audio Device (ID: 1) registered with world 'Untitled_1'.
[2022.02.18-22.40.47:847][  0]LogAIModule: Creating AISystem for world Untitled_1
[2022.02.18-22.40.47:851][  0]LogEditorServer: Finished looking for orphan Actors (0.000 secs)
[2022.02.18-22.40.47:872][  0]LogUObjectHash: Compacting FUObjectHashTables data took   0.86ms
[2022.02.18-22.40.47:872][  0]Cmd: MAP CHECKDEP NOCLEARLOG
[2022.02.18-22.40.47:873][  0]MapCheck: Map check complete: 0 Error(s), 0 Warning(s), took 0,194ms to complete.
[2022.02.18-22.40.47:873][  0]LogFileHelpers: Loading map 'Template_Default' took 0.096
[2022.02.18-22.40.47:874][  0]LogUnrealEdMisc: Total Editor Startup Time, took 6.266
[2022.02.18-22.40.47:978][  0]LogSlate: Updating window title bar state: overlay mode, drag disabled, window buttons hidden, title bar hidden
[2022.02.18-22.40.47:983][  0]LogSlate: Updating window title bar state: overlay mode, drag disabled, window buttons hidden, title bar hidden
[2022.02.18-22.40.47:988][  0]LogSlate: Updating window title bar state: overlay mode, drag disabled, window buttons hidden, title bar hidden
[2022.02.18-22.40.47:993][  0]LogSlate: Updating window title bar state: overlay mode, drag disabled, window buttons hidden, title bar hidden
[2022.02.18-22.40.48:007][  0]LogNativeClassHierarchy: Verbose: Native class hierarchy populated in 0.0074 seconds. Added 3822 classes and 928 folders.
[2022.02.18-22.40.48:009][  0]LogNativeClassHierarchy: Verbose: Native class hierarchy updated for 'WidgetCarousel' in 0.0002 seconds. Added 0 classes and 0 folders.
[2022.02.18-22.40.48:010][  0]LogPakFile: PakFile PrimaryIndexSize=187
[2022.02.18-22.40.48:010][  0]LogPakFile: PakFile PathHashIndexSize=101
[2022.02.18-22.40.48:010][  0]LogPakFile: PakFile FullDirectoryIndexSize=148
[2022.02.18-22.40.48:010][  0]LogShaderLibrary: Display: ShaderCodeLibraryPakFileMountedCallback: PakFile 'C:/Program Files/Epic Games/UE_4.27/FeaturePacks/FP_FirstPerson.upack' (chunk index -1, root 'root:/') mounted
[2022.02.18-22.40.48:010][  0]LogShaderLibrary: Display: ShaderCodeLibraryPakFileMountedCallback: pending pak file info (ChunkID:-1 Root:root:/ File:C:/Program Files/Epic Games/UE_4.27/FeaturePacks/FP_FirstPerson.upack)
[2022.02.18-22.40.48:010][  0]LogPakFile: OnPakFileMounted2Time == 0.000050
[2022.02.18-22.40.48:010][  0]LogPakFile: PakFile PrimaryIndexSize=189
[2022.02.18-22.40.48:010][  0]LogPakFile: PakFile PathHashIndexSize=101
[2022.02.18-22.40.48:010][  0]LogPakFile: PakFile FullDirectoryIndexSize=152
[2022.02.18-22.40.48:010][  0]LogShaderLibrary: Display: ShaderCodeLibraryPakFileMountedCallback: PakFile 'C:/Program Files/Epic Games/UE_4.27/FeaturePacks/FP_FirstPersonBP.upack' (chunk index -1, root 'root:/') mounted
[2022.02.18-22.40.48:010][  0]LogShaderLibrary: Display: ShaderCodeLibraryPakFileMountedCallback: pending pak file info (ChunkID:-1 Root:root:/ File:C:/Program Files/Epic Games/UE_4.27/FeaturePacks/FP_FirstPersonBP.upack)
[2022.02.18-22.40.48:010][  0]LogPakFile: OnPakFileMounted2Time == 0.000028
[2022.02.18-22.40.48:010][  0]LogPakFile: PakFile PrimaryIndexSize=191
[2022.02.18-22.40.48:010][  0]LogPakFile: PakFile PathHashIndexSize=101
[2022.02.18-22.40.48:010][  0]LogPakFile: PakFile FullDirectoryIndexSize=160
[2022.02.18-22.40.48:011][  0]LogShaderLibrary: Display: ShaderCodeLibraryPakFileMountedCallback: PakFile 'C:/Program Files/Epic Games/UE_4.27/FeaturePacks/MobileStarterContent.upack' (chunk index -1, root 'root:/') mounted
[2022.02.18-22.40.48:011][  0]LogShaderLibrary: Display: ShaderCodeLibraryPakFileMountedCallback: pending pak file info (ChunkID:-1 Root:root:/ File:C:/Program Files/Epic Games/UE_4.27/FeaturePacks/MobileStarterContent.upack)
[2022.02.18-22.40.48:011][  0]LogPakFile: OnPakFileMounted2Time == 0.000026
[2022.02.18-22.40.48:011][  0]LogPakFile: PakFile PrimaryIndexSize=185
[2022.02.18-22.40.48:011][  0]LogPakFile: PakFile PathHashIndexSize=101
[2022.02.18-22.40.48:011][  0]LogPakFile: PakFile FullDirectoryIndexSize=148
[2022.02.18-22.40.48:011][  0]LogShaderLibrary: Display: ShaderCodeLibraryPakFileMountedCallback: PakFile 'C:/Program Files/Epic Games/UE_4.27/FeaturePacks/StarterContent.upack' (chunk index -1, root 'root:/') mounted
[2022.02.18-22.40.48:011][  0]LogShaderLibrary: Display: ShaderCodeLibraryPakFileMountedCallback: pending pak file info (ChunkID:-1 Root:root:/ File:C:/Program Files/Epic Games/UE_4.27/FeaturePacks/StarterContent.upack)
[2022.02.18-22.40.48:011][  0]LogPakFile: OnPakFileMounted2Time == 0.000025
[2022.02.18-22.40.48:011][  0]LogPakFile: PakFile PrimaryIndexSize=190
[2022.02.18-22.40.48:011][  0]LogPakFile: PakFile PathHashIndexSize=101
[2022.02.18-22.40.48:011][  0]LogPakFile: PakFile FullDirectoryIndexSize=154
[2022.02.18-22.40.48:011][  0]LogShaderLibrary: Display: ShaderCodeLibraryPakFileMountedCallback: PakFile 'C:/Program Files/Epic Games/UE_4.27/FeaturePacks/TP_2DSideScroller.upack' (chunk index -1, root 'root:/') mounted
[2022.02.18-22.40.48:011][  0]LogShaderLibrary: Display: ShaderCodeLibraryPakFileMountedCallback: pending pak file info (ChunkID:-1 Root:root:/ File:C:/Program Files/Epic Games/UE_4.27/FeaturePacks/TP_2DSideScroller.upack)
[2022.02.18-22.40.48:011][  0]LogPakFile: OnPakFileMounted2Time == 0.000025
[2022.02.18-22.40.48:012][  0]LogPakFile: PakFile PrimaryIndexSize=192
[2022.02.18-22.40.48:012][  0]LogPakFile: PakFile PathHashIndexSize=101
[2022.02.18-22.40.48:012][  0]LogPakFile: PakFile FullDirectoryIndexSize=158
[2022.02.18-22.40.48:012][  0]LogShaderLibrary: Display: ShaderCodeLibraryPakFileMountedCallback: PakFile 'C:/Program Files/Epic Games/UE_4.27/FeaturePacks/TP_2DSideScrollerBP.upack' (chunk index -1, root 'root:/') mounted
[2022.02.18-22.40.48:012][  0]LogShaderLibrary: Display: ShaderCodeLibraryPakFileMountedCallback: pending pak file info (ChunkID:-1 Root:root:/ File:C:/Program Files/Epic Games/UE_4.27/FeaturePacks/TP_2DSideScrollerBP.upack)
[2022.02.18-22.40.48:012][  0]LogPakFile: OnPakFileMounted2Time == 0.000023
[2022.02.18-22.40.48:012][  0]LogPakFile: PakFile PrimaryIndexSize=182
[2022.02.18-22.40.48:012][  0]LogPakFile: PakFile PathHashIndexSize=101
[2022.02.18-22.40.48:012][  0]LogPakFile: PakFile FullDirectoryIndexSize=138
[2022.02.18-22.40.48:012][  0]LogShaderLibrary: Display: ShaderCodeLibraryPakFileMountedCallback: PakFile 'C:/Program Files/Epic Games/UE_4.27/FeaturePacks/TP_Flying.upack' (chunk index -1, root 'root:/') mounted
[2022.02.18-22.40.48:012][  0]LogShaderLibrary: Display: ShaderCodeLibraryPakFileMountedCallback: pending pak file info (ChunkID:-1 Root:root:/ File:C:/Program Files/Epic Games/UE_4.27/FeaturePacks/TP_Flying.upack)
[2022.02.18-22.40.48:012][  0]LogPakFile: OnPakFileMounted2Time == 0.000024
[2022.02.18-22.40.48:012][  0]LogPakFile: PakFile PrimaryIndexSize=184
[2022.02.18-22.40.48:013][  0]LogPakFile: PakFile PathHashIndexSize=101
[2022.02.18-22.40.48:013][  0]LogPakFile: PakFile FullDirectoryIndexSize=142
[2022.02.18-22.40.48:013][  0]LogShaderLibrary: Display: ShaderCodeLibraryPakFileMountedCallback: PakFile 'C:/Program Files/Epic Games/UE_4.27/FeaturePacks/TP_FlyingBP.upack' (chunk index -1, root 'root:/') mounted
[2022.02.18-22.40.48:013][  0]LogShaderLibrary: Display: ShaderCodeLibraryPakFileMountedCallback: pending pak file info (ChunkID:-1 Root:root:/ File:C:/Program Files/Epic Games/UE_4.27/FeaturePacks/TP_FlyingBP.upack)
[2022.02.18-22.40.48:013][  0]LogPakFile: OnPakFileMounted2Time == 0.000034
[2022.02.18-22.40.48:013][  0]LogPakFile: PakFile PrimaryIndexSize=188
[2022.02.18-22.40.48:013][  0]LogPakFile: PakFile PathHashIndexSize=101
[2022.02.18-22.40.48:013][  0]LogPakFile: PakFile FullDirectoryIndexSize=150
[2022.02.18-22.40.48:013][  0]LogShaderLibrary: Display: ShaderCodeLibraryPakFileMountedCallback: PakFile 'C:/Program Files/Epic Games/UE_4.27/FeaturePacks/TP_HandheldARBP.upack' (chunk index -1, root 'root:/') mounted
[2022.02.18-22.40.48:013][  0]LogShaderLibrary: Display: ShaderCodeLibraryPakFileMountedCallback: pending pak file info (ChunkID:-1 Root:root:/ File:C:/Program Files/Epic Games/UE_4.27/FeaturePacks/TP_HandheldARBP.upack)
[2022.02.18-22.40.48:013][  0]LogPakFile: OnPakFileMounted2Time == 0.000023
[2022.02.18-22.40.48:014][  0]LogPakFile: PakFile PrimaryIndexSize=182
[2022.02.18-22.40.48:014][  0]LogPakFile: PakFile PathHashIndexSize=101
[2022.02.18-22.40.48:014][  0]LogPakFile: PakFile FullDirectoryIndexSize=138
[2022.02.18-22.40.48:014][  0]LogShaderLibrary: Display: ShaderCodeLibraryPakFileMountedCallback: PakFile 'C:/Program Files/Epic Games/UE_4.27/FeaturePacks/TP_Puzzle.upack' (chunk index -1, root 'root:/') mounted
[2022.02.18-22.40.48:014][  0]LogShaderLibrary: Display: ShaderCodeLibraryPakFileMountedCallback: pending pak file info (ChunkID:-1 Root:root:/ File:C:/Program Files/Epic Games/UE_4.27/FeaturePacks/TP_Puzzle.upack)
[2022.02.18-22.40.48:014][  0]LogPakFile: OnPakFileMounted2Time == 0.000023
[2022.02.18-22.40.48:014][  0]LogPakFile: PakFile PrimaryIndexSize=184
[2022.02.18-22.40.48:014][  0]LogPakFile: PakFile PathHashIndexSize=101
[2022.02.18-22.40.48:014][  0]LogPakFile: PakFile FullDirectoryIndexSize=142
[2022.02.18-22.40.48:014][  0]LogShaderLibrary: Display: ShaderCodeLibraryPakFileMountedCallback: PakFile 'C:/Program Files/Epic Games/UE_4.27/FeaturePacks/TP_PuzzleBP.upack' (chunk index -1, root 'root:/') mounted
[2022.02.18-22.40.48:014][  0]LogShaderLibrary: Display: ShaderCodeLibraryPakFileMountedCallback: pending pak file info (ChunkID:-1 Root:root:/ File:C:/Program Files/Epic Games/UE_4.27/FeaturePacks/TP_PuzzleBP.upack)
[2022.02.18-22.40.48:014][  0]LogPakFile: OnPakFileMounted2Time == 0.000023
[2022.02.18-22.40.48:014][  0]LogPakFile: PakFile PrimaryIndexSize=183
[2022.02.18-22.40.48:014][  0]LogPakFile: PakFile PathHashIndexSize=101
[2022.02.18-22.40.48:014][  0]LogPakFile: PakFile FullDirectoryIndexSize=140
[2022.02.18-22.40.48:014][  0]LogShaderLibrary: Display: ShaderCodeLibraryPakFileMountedCallback: PakFile 'C:/Program Files/Epic Games/UE_4.27/FeaturePacks/TP_Rolling.upack' (chunk index -1, root 'root:/') mounted
[2022.02.18-22.40.48:014][  0]LogShaderLibrary: Display: ShaderCodeLibraryPakFileMountedCallback: pending pak file info (ChunkID:-1 Root:root:/ File:C:/Program Files/Epic Games/UE_4.27/FeaturePacks/TP_Rolling.upack)
[2022.02.18-22.40.48:014][  0]LogPakFile: OnPakFileMounted2Time == 0.000024
[2022.02.18-22.40.48:015][  0]LogPakFile: PakFile PrimaryIndexSize=185
[2022.02.18-22.40.48:015][  0]LogPakFile: PakFile PathHashIndexSize=101
[2022.02.18-22.40.48:015][  0]LogPakFile: PakFile FullDirectoryIndexSize=144
[2022.02.18-22.40.48:015][  0]LogShaderLibrary: Display: ShaderCodeLibraryPakFileMountedCallback: PakFile 'C:/Program Files/Epic Games/UE_4.27/FeaturePacks/TP_RollingBP.upack' (chunk index -1, root 'root:/') mounted
[2022.02.18-22.40.48:015][  0]LogShaderLibrary: Display: ShaderCodeLibraryPakFileMountedCallback: pending pak file info (ChunkID:-1 Root:root:/ File:C:/Program Files/Epic Games/UE_4.27/FeaturePacks/TP_RollingBP.upack)
[2022.02.18-22.40.48:015][  0]LogPakFile: OnPakFileMounted2Time == 0.000024
[2022.02.18-22.40.48:015][  0]LogPakFile: PakFile PrimaryIndexSize=188
[2022.02.18-22.40.48:015][  0]LogPakFile: PakFile PathHashIndexSize=101
[2022.02.18-22.40.48:015][  0]LogPakFile: PakFile FullDirectoryIndexSize=150
[2022.02.18-22.40.48:015][  0]LogShaderLibrary: Display: ShaderCodeLibraryPakFileMountedCallback: PakFile 'C:/Program Files/Epic Games/UE_4.27/FeaturePacks/TP_SideScroller.upack' (chunk index -1, root 'root:/') mounted
[2022.02.18-22.40.48:015][  0]LogShaderLibrary: Display: ShaderCodeLibraryPakFileMountedCallback: pending pak file info (ChunkID:-1 Root:root:/ File:C:/Program Files/Epic Games/UE_4.27/FeaturePacks/TP_SideScroller.upack)
[2022.02.18-22.40.48:015][  0]LogPakFile: OnPakFileMounted2Time == 0.000022
[2022.02.18-22.40.48:015][  0]LogPakFile: PakFile PrimaryIndexSize=190
[2022.02.18-22.40.48:015][  0]LogPakFile: PakFile PathHashIndexSize=101
[2022.02.18-22.40.48:015][  0]LogPakFile: PakFile FullDirectoryIndexSize=154
[2022.02.18-22.40.48:015][  0]LogShaderLibrary: Display: ShaderCodeLibraryPakFileMountedCallback: PakFile 'C:/Program Files/Epic Games/UE_4.27/FeaturePacks/TP_SideScrollerBP.upack' (chunk index -1, root 'root:/') mounted
[2022.02.18-22.40.48:015][  0]LogShaderLibrary: Display: ShaderCodeLibraryPakFileMountedCallback: pending pak file info (ChunkID:-1 Root:root:/ File:C:/Program Files/Epic Games/UE_4.27/FeaturePacks/TP_SideScrollerBP.upack)
[2022.02.18-22.40.48:015][  0]LogPakFile: OnPakFileMounted2Time == 0.000023
[2022.02.18-22.40.48:016][  0]LogPakFile: PakFile PrimaryIndexSize=187
[2022.02.18-22.40.48:016][  0]LogPakFile: PakFile PathHashIndexSize=101
[2022.02.18-22.40.48:016][  0]LogPakFile: PakFile FullDirectoryIndexSize=148
[2022.02.18-22.40.48:016][  0]LogShaderLibrary: Display: ShaderCodeLibraryPakFileMountedCallback: PakFile 'C:/Program Files/Epic Games/UE_4.27/FeaturePacks/TP_ThirdPerson.upack' (chunk index -1, root 'root:/') mounted
[2022.02.18-22.40.48:016][  0]LogShaderLibrary: Display: ShaderCodeLibraryPakFileMountedCallback: pending pak file info (ChunkID:-1 Root:root:/ File:C:/Program Files/Epic Games/UE_4.27/FeaturePacks/TP_ThirdPerson.upack)
[2022.02.18-22.40.48:016][  0]LogPakFile: OnPakFileMounted2Time == 0.000022
[2022.02.18-22.40.48:016][  0]LogPakFile: PakFile PrimaryIndexSize=189
[2022.02.18-22.40.48:016][  0]LogPakFile: PakFile PathHashIndexSize=101
[2022.02.18-22.40.48:016][  0]LogPakFile: PakFile FullDirectoryIndexSize=152
[2022.02.18-22.40.48:016][  0]LogShaderLibrary: Display: ShaderCodeLibraryPakFileMountedCallback: PakFile 'C:/Program Files/Epic Games/UE_4.27/FeaturePacks/TP_ThirdPersonBP.upack' (chunk index -1, root 'root:/') mounted
[2022.02.18-22.40.48:016][  0]LogShaderLibrary: Display: ShaderCodeLibraryPakFileMountedCallback: pending pak file info (ChunkID:-1 Root:root:/ File:C:/Program Files/Epic Games/UE_4.27/FeaturePacks/TP_ThirdPersonBP.upack)
[2022.02.18-22.40.48:016][  0]LogPakFile: OnPakFileMounted2Time == 0.000025
[2022.02.18-22.40.48:016][  0]LogPakFile: PakFile PrimaryIndexSize=183
[2022.02.18-22.40.48:016][  0]LogPakFile: PakFile PathHashIndexSize=101
[2022.02.18-22.40.48:016][  0]LogPakFile: PakFile FullDirectoryIndexSize=140
[2022.02.18-22.40.48:016][  0]LogShaderLibrary: Display: ShaderCodeLibraryPakFileMountedCallback: PakFile 'C:/Program Files/Epic Games/UE_4.27/FeaturePacks/TP_TopDown.upack' (chunk index -1, root 'root:/') mounted
[2022.02.18-22.40.48:016][  0]LogShaderLibrary: Display: ShaderCodeLibraryPakFileMountedCallback: pending pak file info (ChunkID:-1 Root:root:/ File:C:/Program Files/Epic Games/UE_4.27/FeaturePacks/TP_TopDown.upack)
[2022.02.18-22.40.48:016][  0]LogPakFile: OnPakFileMounted2Time == 0.000030
[2022.02.18-22.40.48:017][  0]LogPakFile: PakFile PrimaryIndexSize=185
[2022.02.18-22.40.48:017][  0]LogPakFile: PakFile PathHashIndexSize=101
[2022.02.18-22.40.48:017][  0]LogPakFile: PakFile FullDirectoryIndexSize=144
[2022.02.18-22.40.48:017][  0]LogShaderLibrary: Display: ShaderCodeLibraryPakFileMountedCallback: PakFile 'C:/Program Files/Epic Games/UE_4.27/FeaturePacks/TP_TopDownBP.upack' (chunk index -1, root 'root:/') mounted
[2022.02.18-22.40.48:017][  0]LogShaderLibrary: Display: ShaderCodeLibraryPakFileMountedCallback: pending pak file info (ChunkID:-1 Root:root:/ File:C:/Program Files/Epic Games/UE_4.27/FeaturePacks/TP_TopDownBP.upack)
[2022.02.18-22.40.48:017][  0]LogPakFile: OnPakFileMounted2Time == 0.000026
[2022.02.18-22.40.48:017][  0]LogPakFile: PakFile PrimaryIndexSize=185
[2022.02.18-22.40.48:017][  0]LogPakFile: PakFile PathHashIndexSize=101
[2022.02.18-22.40.48:017][  0]LogPakFile: PakFile FullDirectoryIndexSize=144
[2022.02.18-22.40.48:017][  0]LogShaderLibrary: Display: ShaderCodeLibraryPakFileMountedCallback: PakFile 'C:/Program Files/Epic Games/UE_4.27/FeaturePacks/TP_TwinStick.upack' (chunk index -1, root 'root:/') mounted
[2022.02.18-22.40.48:017][  0]LogShaderLibrary: Display: ShaderCodeLibraryPakFileMountedCallback: pending pak file info (ChunkID:-1 Root:root:/ File:C:/Program Files/Epic Games/UE_4.27/FeaturePacks/TP_TwinStick.upack)
[2022.02.18-22.40.48:017][  0]LogPakFile: OnPakFileMounted2Time == 0.000022
[2022.02.18-22.40.48:017][  0]LogPakFile: PakFile PrimaryIndexSize=187
[2022.02.18-22.40.48:017][  0]LogPakFile: PakFile PathHashIndexSize=101
[2022.02.18-22.40.48:017][  0]LogPakFile: PakFile FullDirectoryIndexSize=148
[2022.02.18-22.40.48:017][  0]LogShaderLibrary: Display: ShaderCodeLibraryPakFileMountedCallback: PakFile 'C:/Program Files/Epic Games/UE_4.27/FeaturePacks/TP_TwinStickBP.upack' (chunk index -1, root 'root:/') mounted
[2022.02.18-22.40.48:017][  0]LogShaderLibrary: Display: ShaderCodeLibraryPakFileMountedCallback: pending pak file info (ChunkID:-1 Root:root:/ File:C:/Program Files/Epic Games/UE_4.27/FeaturePacks/TP_TwinStickBP.upack)
[2022.02.18-22.40.48:017][  0]LogPakFile: OnPakFileMounted2Time == 0.000024
[2022.02.18-22.40.48:018][  0]LogPakFile: PakFile PrimaryIndexSize=183
[2022.02.18-22.40.48:018][  0]LogPakFile: PakFile PathHashIndexSize=101
[2022.02.18-22.40.48:018][  0]LogPakFile: PakFile FullDirectoryIndexSize=140
[2022.02.18-22.40.48:018][  0]LogShaderLibrary: Display: ShaderCodeLibraryPakFileMountedCallback: PakFile 'C:/Program Files/Epic Games/UE_4.27/FeaturePacks/TP_Vehicle.upack' (chunk index -1, root 'root:/') mounted
[2022.02.18-22.40.48:018][  0]LogShaderLibrary: Display: ShaderCodeLibraryPakFileMountedCallback: pending pak file info (ChunkID:-1 Root:root:/ File:C:/Program Files/Epic Games/UE_4.27/FeaturePacks/TP_Vehicle.upack)
[2022.02.18-22.40.48:018][  0]LogPakFile: OnPakFileMounted2Time == 0.000023
[2022.02.18-22.40.48:018][  0]LogPakFile: PakFile PrimaryIndexSize=186
[2022.02.18-22.40.48:018][  0]LogPakFile: PakFile PathHashIndexSize=101
[2022.02.18-22.40.48:018][  0]LogPakFile: PakFile FullDirectoryIndexSize=146
[2022.02.18-22.40.48:018][  0]LogShaderLibrary: Display: ShaderCodeLibraryPakFileMountedCallback: PakFile 'C:/Program Files/Epic Games/UE_4.27/FeaturePacks/TP_VehicleAdv.upack' (chunk index -1, root 'root:/') mounted
[2022.02.18-22.40.48:018][  0]LogShaderLibrary: Display: ShaderCodeLibraryPakFileMountedCallback: pending pak file info (ChunkID:-1 Root:root:/ File:C:/Program Files/Epic Games/UE_4.27/FeaturePacks/TP_VehicleAdv.upack)
[2022.02.18-22.40.48:018][  0]LogPakFile: OnPakFileMounted2Time == 0.000023
[2022.02.18-22.40.48:019][  0]LogPakFile: PakFile PrimaryIndexSize=188
[2022.02.18-22.40.48:019][  0]LogPakFile: PakFile PathHashIndexSize=101
[2022.02.18-22.40.48:019][  0]LogPakFile: PakFile FullDirectoryIndexSize=150
[2022.02.18-22.40.48:019][  0]LogShaderLibrary: Display: ShaderCodeLibraryPakFileMountedCallback: PakFile 'C:/Program Files/Epic Games/UE_4.27/FeaturePacks/TP_VehicleAdvBP.upack' (chunk index -1, root 'root:/') mounted
[2022.02.18-22.40.48:019][  0]LogShaderLibrary: Display: ShaderCodeLibraryPakFileMountedCallback: pending pak file info (ChunkID:-1 Root:root:/ File:C:/Program Files/Epic Games/UE_4.27/FeaturePacks/TP_VehicleAdvBP.upack)
[2022.02.18-22.40.48:019][  0]LogPakFile: OnPakFileMounted2Time == 0.000023
[2022.02.18-22.40.48:019][  0]LogPakFile: PakFile PrimaryIndexSize=185
[2022.02.18-22.40.48:019][  0]LogPakFile: PakFile PathHashIndexSize=101
[2022.02.18-22.40.48:019][  0]LogPakFile: PakFile FullDirectoryIndexSize=144
[2022.02.18-22.40.48:019][  0]LogShaderLibrary: Display: ShaderCodeLibraryPakFileMountedCallback: PakFile 'C:/Program Files/Epic Games/UE_4.27/FeaturePacks/TP_VehicleBP.upack' (chunk index -1, root 'root:/') mounted
[2022.02.18-22.40.48:019][  0]LogShaderLibrary: Display: ShaderCodeLibraryPakFileMountedCallback: pending pak file info (ChunkID:-1 Root:root:/ File:C:/Program Files/Epic Games/UE_4.27/FeaturePacks/TP_VehicleBP.upack)
[2022.02.18-22.40.48:019][  0]LogPakFile: OnPakFileMounted2Time == 0.000025
[2022.02.18-22.40.48:019][  0]LogPakFile: PakFile PrimaryIndexSize=192
[2022.02.18-22.40.48:019][  0]LogPakFile: PakFile PathHashIndexSize=101
[2022.02.18-22.40.48:019][  0]LogPakFile: PakFile FullDirectoryIndexSize=158
[2022.02.18-22.40.48:019][  0]LogShaderLibrary: Display: ShaderCodeLibraryPakFileMountedCallback: PakFile 'C:/Program Files/Epic Games/UE_4.27/FeaturePacks/TP_VirtualRealityBP.upack' (chunk index -1, root 'root:/') mounted
[2022.02.18-22.40.48:019][  0]LogShaderLibrary: Display: ShaderCodeLibraryPakFileMountedCallback: pending pak file info (ChunkID:-1 Root:root:/ File:C:/Program Files/Epic Games/UE_4.27/FeaturePacks/TP_VirtualRealityBP.upack)
[2022.02.18-22.40.48:019][  0]LogPakFile: OnPakFileMounted2Time == 0.000023
[2022.02.18-22.40.48:050][  0]LogNativeClassHierarchy: Verbose: Native class hierarchy updated for 'AddContentDialog' in 0.0002 seconds. Added 0 classes and 0 folders.
[2022.02.18-22.40.48:051][  0]LogNativeClassHierarchy: Verbose: Native class hierarchy updated for 'SceneOutliner' in 0.0002 seconds. Added 2 classes and 0 folders.
[2022.02.18-22.40.48:144][  0]LogSlate: Took 0.000248 seconds to synchronously load lazily loaded font '../../../Engine/Content/Slate/Fonts/Roboto-Regular.ttf' (155K)
[2022.02.18-22.40.48:145][  0]LogSlate: Took 0.000206 seconds to synchronously load lazily loaded font '../../../Engine/Content/Editor/Slate/Fonts/FontAwesome.ttf' (139K)
[2022.02.18-22.40.48:146][  0]LogSlate: Took 0.000137 seconds to synchronously load lazily loaded font '../../../Engine/Content/Slate/Fonts/Roboto-Bold.ttf' (160K)
[2022.02.18-22.40.48:227][  0]LogRenderer: Reallocating scene render targets to support 936x464 Format 10 NumSamples 1 (Frame:1).
[2022.02.18-22.40.48:357][  0]LogNativeClassHierarchy: Verbose: Native class hierarchy updated for 'HierarchicalLODOutliner' in 0.0002 seconds. Added 0 classes and 0 folders.
[2022.02.18-22.40.48:357][  0]LogLoad: (Engine Initialization) Total time: 6.75 seconds
[2022.02.18-22.40.48:357][  0]LogLoad: (Engine Initialization) Total Blueprint compile time: 0.00 seconds
[2022.02.18-22.40.48:418][  0]LogAssetRegistry: Asset discovery search completed in 3.9161 seconds
[2022.02.18-22.40.48:425][  0]LogCollectionManager: Fixed up redirectors for 0 collections in 0.000005 seconds (updated 0 objects)
[2022.02.18-22.40.48:427][  0]LogContentStreaming: Texture pool size now 1000 MB
[2022.02.18-22.40.48:493][  3]LogSlate: Took 0.000171 seconds to synchronously load lazily loaded font '../../../Engine/Content/Slate/Fonts/Roboto-Light.ttf' (167K)
[2022.02.18-22.40.49:382][ 56]LogSlate: Took 0.000186 seconds to synchronously load lazily loaded font '../../../Engine/Content/Slate/Fonts/Roboto-Light.ttf' (167K)
[2022.02.18-22.40.50:687][125]LogAssetEditorSubsystem: Opening Asset editor for Blueprint /Game/CharacterBP.CharacterBP
[2022.02.18-22.40.50:851][125]LogNativeClassHierarchy: Verbose: Native class hierarchy updated for 'BlueprintGraph' in 0.0005 seconds. Added 126 classes and 0 folders.
[2022.02.18-22.40.51:544][125]LogSlate: Took 0.000250 seconds to synchronously load lazily loaded font '../../../Engine/Content/Slate/Fonts/Roboto-BoldCondensed.ttf' (158K)
[2022.02.18-22.40.51:578][126]LogSlate: Took 0.000241 seconds to synchronously load lazily loaded font '../../../Engine/Content/Slate/Fonts/Roboto-Italic.ttf' (157K)
[2022.02.18-22.40.53:431][230]LogSlate: Window 'CharacterBP' being destroyed
[2022.02.18-22.40.53:440][231]LogRenderer: Reallocating scene render targets to support 1168x580 Format 10 NumSamples 1 (Frame:211).
[2022.02.18-22.41.24:866][ 40]BlueprintLog: New page: Compile CharacterBP
[2022.02.18-22.41.24:900][ 40]LogUObjectHash: Compacting FUObjectHashTables data took   1.75ms
[2022.02.18-22.41.24:921][ 40]LogSlate: Took 0.001314 seconds to synchronously load lazily loaded font '../../../Engine/Content/Slate/Fonts/DroidSansMono.ttf' (77K)
[2022.02.18-22.41.28:806][266]Cmd: CLOSE_SLATE_MAINFRAME
[2022.02.18-22.41.28:827][266]LogUObjectHash: Compacting FUObjectHashTables data took   1.89ms
[2022.02.18-22.41.31:720][266]LogSlate: Window 'Save Content' being destroyed
[2022.02.18-22.41.32:858][266]LogRHI: Error: Present Fail Count 1
[2022.02.18-22.41.32:858][266]LogRHI: Error: SyncInterval 0
[2022.02.18-22.41.32:858][266]LogRHI: Error: SwapChainDesc.BufferDesc.Width 897
[2022.02.18-22.41.32:858][266]LogRHI: Error: SwapChainDesc.BufferDesc.Height 71
[2022.02.18-22.41.32:858][266]LogRHI: Error: SwapChainDesc.BufferDesc.RefreshRate.Numerator 0
[2022.02.18-22.41.32:858][266]LogRHI: Error: SwapChainDesc.BufferDesc.RefreshRate.Denominator 0
[2022.02.18-22.41.32:858][266]LogRHI: Error: SwapChainDesc.BufferDesc.Format 24
[2022.02.18-22.41.32:858][266]LogRHI: Error: SwapChainDesc.BufferDesc.ScanlineOrdering 0
[2022.02.18-22.41.32:858][266]LogRHI: Error: SwapChainDesc.BufferDesc.Scaling 0
[2022.02.18-22.41.32:858][266]LogRHI: Error: SwapChainDesc.SampleDesc.Count 1
[2022.02.18-22.41.32:858][266]LogRHI: Error: SwapChainDesc.SampleDesc.Quality 0
[2022.02.18-22.41.32:858][266]LogRHI: Error: SwapChainDesc.BufferUsage 48
[2022.02.18-22.41.32:858][266]LogRHI: Error: SwapChainDesc.BufferCount 2
[2022.02.18-22.41.32:858][266]LogRHI: Error: SwapChainDesc.OutputWindow 00000000009A1D1E
[2022.02.18-22.41.32:858][266]LogRHI: Error: SwapChainDesc.Windowed true
[2022.02.18-22.41.32:858][266]LogRHI: Error: SwapChainDesc.SwapEffect 4
[2022.02.18-22.41.32:858][266]LogRHI: Error: SwapChainDesc.Flags 2050
[2022.02.18-22.41.33:303][266]LogD3D11RHI: CreateSwapChainForHwnd failed with result 'DXGI_ERROR_DEVICE_REMOVED 00000000' (0x887A0005), falling back to legacy CreateSwapChain.
[2022.02.18-22.41.33:305][266]LogD3D11RHI: Error: CreateSwapChainResult failed 
 at D:/Build/++UE4/Sync/Engine/Source/Runtime/Windows/D3D11RHI/Private/Windows/WindowsD3D11Viewport.cpp:248 
 with error DXGI_ERROR_DEVICE_REMOVED 00000000
[2022.02.18-22.41.33:305][266]LogD3D11RHI: [Aftermath] GDynamicRHI=000001DE075171C0, GDX11NVAfterMathEnabled=0, Result=0xFFFFFFFF, bDeviceActive=0
[2022.02.18-22.41.33:305][266]LogOutputDevice: Warning: 

Script Stack (0 frames):

[2022.02.18-22.41.33:305][266]LogWindows: Windows GetLastError: L’opération a réussi. (0)
[2022.02.18-22.41.35:501][266]LogWindows: FPlatformMisc::RequestExit(0)
[2022.02.18-22.41.35:501][266]LogWindows: FPlatformMisc::RequestExitWithStatus(0, 0)
[2022.02.18-22.41.35:501][266]LogCore: Engine exit requested (reason: Win RequestExit)
[2022.02.18-22.41.35:504][266]LogWindows: FPlatformMisc::RequestExit(1)
[2022.02.18-22.41.35:504][266]LogWindows: FPlatformMisc::RequestExitWithStatus(1, 3)
[2022.02.18-22.41.35:504][266]LogCore: Engine exit requested (reason: Win RequestExit; note: exit was already requested)
[2022.02.18-22.41.35:512][266]Log file closed, 02/18/22 23:41:35
